#***************************************************************************

#sjplacer

#Version:            1.1

#Build Date:         Oct 23 2014 13:00:08

#File Generated:     Nov 21 2016 20:37:04

#Purpose:            

#Copyright (C) 2010-2011 by Softjin Technologies Pvt Ltd. All rights reserved.

#***************************************************************************

Executing : D:\Program Files (x86)\Cypress\PSoC Creator\3.1\PSoC Creator\bin/sjplacer.exe --proj-name PSoC_4_BLE_ACCELEROMETER --netlist-vh2 PSoC_4_BLE_ACCELEROMETER_p.vh2 --arch-file D:\Program Files (x86)\Cypress\PSoC Creator\3.1\PSoC Creator\dev/psoc4/3/placer.ark --rrg-file D:\Program Files (x86)\Cypress\PSoC Creator\3.1\PSoC Creator\dev/psoc4/3/route_arch-rrg.cydata --irq-file D:\Program Files (x86)\Cypress\PSoC Creator\3.1\PSoC Creator\dev/psoc4/3/irqconn.cydata --dsi-conn-file D:\Program Files (x86)\Cypress\PSoC Creator\3.1\PSoC Creator\dev/psoc4/3/dsiconn.cydata --pins-file pins_56-QFN.xml --lib-file PSoC_4_BLE_ACCELEROMETER_p.lib --sdc-file PSoC_4_BLE_ACCELEROMETER.sdc --io-pcf PSoC_4_BLE_ACCELEROMETER.pci --outdir .

		Softjin Techologies Placer, Version 1.1

Build Date : Oct 23 2014	13:09:21

D2004: Option and Settings Summary
=============================================================
Netlist vh2 file          - PSoC_4_BLE_ACCELEROMETER_p.vh2
Architecture file         - D:\Program Files (x86)\Cypress\PSoC Creator\3.1\PSoC Creator\dev/psoc4/3/placer.ark
Package                   - 
Defparam file             - 
SDC file                  - PSoC_4_BLE_ACCELEROMETER.sdc
Output directory          - .
Timing library            - PSoC_4_BLE_ACCELEROMETER_p.lib
IO Placement file         - PSoC_4_BLE_ACCELEROMETER.pci

D2050: Starting reading inputs for placer
=============================================================
D2065: Reading netlist file : "PSoC_4_BLE_ACCELEROMETER_p.vh2"
D2065: Reading arch file : "D:\Program Files (x86)\Cypress\PSoC Creator\3.1\PSoC Creator\dev/psoc4/3/placer.ark"
D2051: Reading of inputs for placer completed successfully

D2053: Starting placement of the design
=============================================================

Phase 2
Phase 3
I2659: No Constrained paths were found. The placer will run in non-timing driven mode.

Design Statistics after Packing
    Number of Combinational MCs 	:	0
    Number of Sequential MCs    	:	0
    Number of DPs               	:	0
    Number of Controls          	:	0
    Number of Status            	:	0
    Number of SyncCells         	:	0
    Number of count7cells       	:	0

Device Utilization Summary after Packing
    Macrocells                  :	0/32
    UDBS                        :	0/4
    IOs                         :	9/38


D2088: Phase 3, elapsed time : 0.0 (sec)

Phase 4
D2088: Phase 4, elapsed time : 0.0 (sec)

Phase 8
D2088: Phase 8, elapsed time : 0.0 (sec)

D2054: Placement of the design completed successfully

I2076: Total run-time: 0.3 sec.

