ARM GAS  C:\Users\jsing\AppData\Local\Temp\ccI4J38f.s 			page 1


   1              		.cpu cortex-m0
   2              		.fpu softvfp
   3              		.eabi_attribute 20, 1
   4              		.eabi_attribute 21, 1
   5              		.eabi_attribute 23, 3
   6              		.eabi_attribute 24, 1
   7              		.eabi_attribute 25, 1
   8              		.eabi_attribute 26, 1
   9              		.eabi_attribute 30, 6
  10              		.eabi_attribute 34, 0
  11              		.eabi_attribute 18, 4
  12              		.code	16
  13              		.file	"app_accel.c"
  14              		.text
  15              	.Ltext0:
  16              		.cfi_sections	.debug_frame
  17              		.comm	scan_status,1,1
  18              		.comm	x,1,1
  19              		.comm	y,1,1
  20              		.comm	z,1,1
  21              		.comm	ADC_x_current,2,2
  22              		.comm	ADC_y_current,2,2
  23              		.comm	ADC_z_current,2,2
  24              		.comm	ADC_x_previous,2,2
  25              		.comm	ADC_y_previous,2,2
  26              		.comm	ADC_z_previous,2,2
  27              		.comm	BLE_Command,1,1
  28              		.comm	state,1,1
  29              		.comm	connStatus,1,1
  30              		.comm	lpMode,1,1
  31              		.comm	blessState,1,1
  32              		.comm	interruptStatus,1,1
  33              		.section	.text.SendCommand,"ax",%progbits
  34              		.align	2
  35              		.global	SendCommand
  36              		.code	16
  37              		.thumb_func
  38              		.type	SendCommand, %function
  39              	SendCommand:
  40              	.LFB35:
  41              		.file 1 ".\\app_accel.c"
   1:.\app_accel.c **** /*****************************************************************************************
   2:.\app_accel.c **** * File Name: app_UART.c
   3:.\app_accel.c **** *
   4:.\app_accel.c **** * Description:
   5:.\app_accel.c **** *  Common BLE application code for client devices.
   6:.\app_accel.c **** *
   7:.\app_accel.c **** *****************************************************************************************
   8:.\app_accel.c **** * Copyright 2015, Cypress Semiconductor Corporation.  All rights reserved.
   9:.\app_accel.c **** * You may use this file only in accordance with the license, terms, conditions,
  10:.\app_accel.c **** * disclaimers, and limitations in the end user license agreement accompanying
  11:.\app_accel.c **** * the software package with which this file was provided.
  12:.\app_accel.c **** *****************************************************************************************/
  13:.\app_accel.c **** 
  14:.\app_accel.c **** #include "app_accel.h"
  15:.\app_accel.c **** #include "app_Ble.h"
  16:.\app_accel.c **** 
ARM GAS  C:\Users\jsing\AppData\Local\Temp\ccI4J38f.s 			page 2


  17:.\app_accel.c **** 
  18:.\app_accel.c **** /*****************************************************************************************
  19:.\app_accel.c **** * Function Name: SendCommand
  20:.\app_accel.c **** ******************************************************************************************
  21:.\app_accel.c **** *
  22:.\app_accel.c **** * Summary:
  23:.\app_accel.c **** *  This function send the command over BLE notification. 
  24:.\app_accel.c **** *
  25:.\app_accel.c **** * Parameters:
  26:.\app_accel.c **** *  None
  27:.\app_accel.c **** *
  28:.\app_accel.c **** * Return:
  29:.\app_accel.c **** *   None.
  30:.\app_accel.c **** *
  31:.\app_accel.c **** *****************************************************************************************/
  32:.\app_accel.c **** 
  33:.\app_accel.c **** void SendCommand()
  34:.\app_accel.c **** {
  42              		.loc 1 34 0
  43              		.cfi_startproc
  44 0000 80B5     		push	{r7, lr}
  45              		.cfi_def_cfa_offset 8
  46              		.cfi_offset 7, -8
  47              		.cfi_offset 14, -4
  48 0002 84B0     		sub	sp, sp, #16
  49              		.cfi_def_cfa_offset 24
  50 0004 00AF     		add	r7, sp, #0
  51              		.cfi_def_cfa_register 7
  35:.\app_accel.c ****    
  36:.\app_accel.c ****     CYBLE_GATTS_HANDLE_VALUE_NTF_T      uartTxDataNtf;
  37:.\app_accel.c ****     
  38:.\app_accel.c ****     if(Scan_Accelerometer())
  52              		.loc 1 38 0
  53 0006 FFF7FEFF 		bl	Scan_Accelerometer
  54 000a 031C     		mov	r3, r0
  55 000c 002B     		cmp	r3, #0
  56 000e 1FD0     		beq	.L2
  39:.\app_accel.c **** 	{
  40:.\app_accel.c **** 		if(connStatus== CONNECTED)
  57              		.loc 1 40 0
  58 0010 124B     		ldr	r3, .L5
  59 0012 1B78     		ldrb	r3, [r3]
  60 0014 012B     		cmp	r3, #1
  61 0016 1DD1     		bne	.L1
  41:.\app_accel.c **** 		{
  42:.\app_accel.c **** 		        
  43:.\app_accel.c **** 			   	uartTxDataNtf.value.val  = &BLE_Command;
  62              		.loc 1 43 0
  63 0018 3B1D     		add	r3, r7, #4
  64 001a 114A     		ldr	r2, .L5+4
  65 001c 1A60     		str	r2, [r3]
  44:.\app_accel.c **** 		        uartTxDataNtf.value.len  = 1;
  66              		.loc 1 44 0
  67 001e 3B1D     		add	r3, r7, #4
  68 0020 0122     		mov	r2, #1
  69 0022 9A80     		strh	r2, [r3, #4]
  45:.\app_accel.c **** 		        uartTxDataNtf.attrHandle = CYBLE_SERVER_ACCEL_SERVER_ACCEL_TX_DATA_CHAR_HANDLE;
ARM GAS  C:\Users\jsing\AppData\Local\Temp\ccI4J38f.s 			page 3


  70              		.loc 1 45 0
  71 0024 3B1D     		add	r3, r7, #4
  72 0026 0E22     		mov	r2, #14
  73 0028 1A81     		strh	r2, [r3, #8]
  46:.\app_accel.c **** 		        CyBle_GattsNotification(cyBle_connHandle, &uartTxDataNtf);
  74              		.loc 1 46 0
  75 002a 0E4B     		ldr	r3, .L5+8
  76 002c 3A1D     		add	r2, r7, #4
  77 002e 1978     		ldrb	r1, [r3]
  78 0030 5B78     		ldrb	r3, [r3, #1]
  79 0032 1B02     		lsl	r3, r3, #8
  80 0034 1943     		orr	r1, r3
  81 0036 0023     		mov	r3, #0
  82 0038 0904     		lsl	r1, r1, #16
  83 003a 090C     		lsr	r1, r1, #16
  84 003c 1B0C     		lsr	r3, r3, #16
  85 003e 1B04     		lsl	r3, r3, #16
  86 0040 0B43     		orr	r3, r1
  87 0042 181C     		mov	r0, r3
  88 0044 111C     		mov	r1, r2
  89 0046 FFF7FEFF 		bl	CyBle_GattsNotification
  47:.\app_accel.c **** 		        CyBle_ProcessEvents();
  90              		.loc 1 47 0
  91 004a FFF7FEFF 		bl	CyBle_ProcessEvents
  92 004e 01E0     		b	.L1
  93              	.L2:
  48:.\app_accel.c **** 		  
  49:.\app_accel.c **** 		        
  50:.\app_accel.c **** 		}
  51:.\app_accel.c **** 	}
  52:.\app_accel.c **** 	else/* ADC under process. Put PSoC into Sleep*/
  53:.\app_accel.c **** 	{
  54:.\app_accel.c ****     CySysPmSleep();		
  94              		.loc 1 54 0
  95 0050 FFF7FEFF 		bl	CySysPmSleep
  96              	.L1:
  55:.\app_accel.c **** 	}
  56:.\app_accel.c **** }
  97              		.loc 1 56 0
  98 0054 BD46     		mov	sp, r7
  99 0056 04B0     		add	sp, sp, #16
 100              		@ sp needed
 101 0058 80BD     		pop	{r7, pc}
 102              	.L6:
 103 005a C046     		.align	2
 104              	.L5:
 105 005c 00000000 		.word	connStatus
 106 0060 00000000 		.word	BLE_Command
 107 0064 00000000 		.word	cyBle_connHandle
 108              		.cfi_endproc
 109              	.LFE35:
 110              		.size	SendCommand, .-SendCommand
 111              		.section	.text.Scan_Accelerometer,"ax",%progbits
 112              		.align	2
 113              		.global	Scan_Accelerometer
 114              		.code	16
 115              		.thumb_func
ARM GAS  C:\Users\jsing\AppData\Local\Temp\ccI4J38f.s 			page 4


 116              		.type	Scan_Accelerometer, %function
 117              	Scan_Accelerometer:
 118              	.LFB36:
  57:.\app_accel.c **** 
  58:.\app_accel.c **** /*****************************************************************************************
  59:.\app_accel.c **** * Function Name: SendCommand
  60:.\app_accel.c **** ******************************************************************************************
  61:.\app_accel.c **** *
  62:.\app_accel.c **** * Summary:
  63:.\app_accel.c **** *  This function reads the x,y,z  analog value and based on the reading the gesture is 
  64:.\app_accel.c **** *  idetifiend. A command is set based on the idetified gesture. If ADC has not completed
  65:.\app_accel.c **** *  reading the values, then this will return 0.
  66:.\app_accel.c **** *
  67:.\app_accel.c **** * Parameters:
  68:.\app_accel.c **** *  None
  69:.\app_accel.c **** *
  70:.\app_accel.c **** * Return:
  71:.\app_accel.c **** *   uint8 status. Success or failure.
  72:.\app_accel.c **** *
  73:.\app_accel.c **** *****************************************************************************************/
  74:.\app_accel.c **** uint8 Scan_Accelerometer()
  75:.\app_accel.c **** {  
 119              		.loc 1 75 0
 120              		.cfi_startproc
 121 0000 80B5     		push	{r7, lr}
 122              		.cfi_def_cfa_offset 8
 123              		.cfi_offset 7, -8
 124              		.cfi_offset 14, -4
 125 0002 00AF     		add	r7, sp, #0
 126              		.cfi_def_cfa_register 7
  76:.\app_accel.c **** 	
  77:.\app_accel.c **** 	if(Sensor_ADC_IsEndConversion(Sensor_ADC_RETURN_STATUS))
 127              		.loc 1 77 0
 128 0004 0120     		mov	r0, #1
 129 0006 FFF7FEFF 		bl	Sensor_ADC_IsEndConversion
 130 000a 031C     		mov	r3, r0
 131 000c 002B     		cmp	r3, #0
 132 000e 00D1     		bne	.LCB83
 133 0010 DFE0     		b	.L8	@long jump
 134              	.LCB83:
  78:.\app_accel.c **** 	{
  79:.\app_accel.c **** 		ADC_x_current = Sensor_ADC_CountsTo_mVolts(0, Sensor_ADC_GetResult16(0));
 135              		.loc 1 79 0
 136 0012 0020     		mov	r0, #0
 137 0014 FFF7FEFF 		bl	Sensor_ADC_GetResult16
 138 0018 031C     		mov	r3, r0
 139 001a 0020     		mov	r0, #0
 140 001c 191C     		mov	r1, r3
 141 001e FFF7FEFF 		bl	Sensor_ADC_CountsTo_mVolts
 142 0022 031C     		mov	r3, r0
 143 0024 1A1C     		mov	r2, r3
 144 0026 6D4B     		ldr	r3, .L15
 145 0028 1A80     		strh	r2, [r3]
  80:.\app_accel.c **** 		ADC_y_current = Sensor_ADC_CountsTo_mVolts(1, Sensor_ADC_GetResult16(1));
 146              		.loc 1 80 0
 147 002a 0120     		mov	r0, #1
 148 002c FFF7FEFF 		bl	Sensor_ADC_GetResult16
ARM GAS  C:\Users\jsing\AppData\Local\Temp\ccI4J38f.s 			page 5


 149 0030 031C     		mov	r3, r0
 150 0032 0120     		mov	r0, #1
 151 0034 191C     		mov	r1, r3
 152 0036 FFF7FEFF 		bl	Sensor_ADC_CountsTo_mVolts
 153 003a 031C     		mov	r3, r0
 154 003c 1A1C     		mov	r2, r3
 155 003e 684B     		ldr	r3, .L15+4
 156 0040 1A80     		strh	r2, [r3]
  81:.\app_accel.c **** 		ADC_z_current = Sensor_ADC_CountsTo_mVolts(2, Sensor_ADC_GetResult16(2));
 157              		.loc 1 81 0
 158 0042 0220     		mov	r0, #2
 159 0044 FFF7FEFF 		bl	Sensor_ADC_GetResult16
 160 0048 031C     		mov	r3, r0
 161 004a 0220     		mov	r0, #2
 162 004c 191C     		mov	r1, r3
 163 004e FFF7FEFF 		bl	Sensor_ADC_CountsTo_mVolts
 164 0052 031C     		mov	r3, r0
 165 0054 1A1C     		mov	r2, r3
 166 0056 634B     		ldr	r3, .L15+8
 167 0058 1A80     		strh	r2, [r3]
  82:.\app_accel.c **** 		/*Normal gesture idetified*/
  83:.\app_accel.c **** 		if((ADC_y_current>=(Y_DEFAULT-40) && ADC_y_current<= (Y_DEFAULT+40))&&(ADC_z_current>=(Z_DEFAULT-
 168              		.loc 1 83 0
 169 005a 614B     		ldr	r3, .L15+4
 170 005c 1B88     		ldrh	r3, [r3]
 171 005e 1AB2     		sxth	r2, r3
 172 0060 614B     		ldr	r3, .L15+12
 173 0062 9A42     		cmp	r2, r3
 174 0064 32DD     		ble	.L9
 175              		.loc 1 83 0 is_stmt 0 discriminator 1
 176 0066 5E4B     		ldr	r3, .L15+4
 177 0068 1B88     		ldrh	r3, [r3]
 178 006a 1AB2     		sxth	r2, r3
 179 006c 5F4B     		ldr	r3, .L15+16
 180 006e 9A42     		cmp	r2, r3
 181 0070 2CDC     		bgt	.L9
 182 0072 5C4B     		ldr	r3, .L15+8
 183 0074 1B88     		ldrh	r3, [r3]
 184 0076 1AB2     		sxth	r2, r3
 185 0078 5D4B     		ldr	r3, .L15+20
 186 007a 9A42     		cmp	r2, r3
 187 007c 26DD     		ble	.L9
 188 007e 594B     		ldr	r3, .L15+8
 189 0080 1B88     		ldrh	r3, [r3]
 190 0082 1AB2     		sxth	r2, r3
 191 0084 5B4B     		ldr	r3, .L15+24
 192 0086 9A42     		cmp	r2, r3
 193 0088 20DC     		bgt	.L9
 194 008a 544B     		ldr	r3, .L15
 195 008c 1B88     		ldrh	r3, [r3]
 196 008e 1AB2     		sxth	r2, r3
 197 0090 594B     		ldr	r3, .L15+28
 198 0092 9A42     		cmp	r2, r3
 199 0094 1ADD     		ble	.L9
 200 0096 514B     		ldr	r3, .L15
 201 0098 1B88     		ldrh	r3, [r3]
 202 009a 1AB2     		sxth	r2, r3
ARM GAS  C:\Users\jsing\AppData\Local\Temp\ccI4J38f.s 			page 6


 203 009c 574B     		ldr	r3, .L15+32
 204 009e 9A42     		cmp	r2, r3
 205 00a0 14DC     		bgt	.L9
 206 00a2 574B     		ldr	r3, .L15+36
 207 00a4 1B78     		ldrb	r3, [r3]
 208 00a6 002B     		cmp	r3, #0
 209 00a8 10D0     		beq	.L9
  84:.\app_accel.c **** 		{
  85:.\app_accel.c **** 			
  86:.\app_accel.c **** 			state= NORMAL;
 210              		.loc 1 86 0 is_stmt 1
 211 00aa 554B     		ldr	r3, .L15+36
 212 00ac 0022     		mov	r2, #0
 213 00ae 1A70     		strb	r2, [r3]
  87:.\app_accel.c **** 			BLE_Command='p';
 214              		.loc 1 87 0
 215 00b0 544B     		ldr	r3, .L15+40
 216 00b2 7022     		mov	r2, #112
 217 00b4 1A70     		strb	r2, [r3]
  88:.\app_accel.c ****             RED_Write(0x00);
 218              		.loc 1 88 0
 219 00b6 0020     		mov	r0, #0
 220 00b8 FFF7FEFF 		bl	RED_Write
  89:.\app_accel.c ****             GREEN_Write(0x00);
 221              		.loc 1 89 0
 222 00bc 0020     		mov	r0, #0
 223 00be FFF7FEFF 		bl	GREEN_Write
  90:.\app_accel.c ****             BLUE_Write(0x00);
 224              		.loc 1 90 0
 225 00c2 0020     		mov	r0, #0
 226 00c4 FFF7FEFF 		bl	BLUE_Write
  91:.\app_accel.c **** 			return 1;
 227              		.loc 1 91 0
 228 00c8 0123     		mov	r3, #1
 229 00ca 83E0     		b	.L10
 230              	.L9:
  92:.\app_accel.c **** 			
  93:.\app_accel.c **** 		}
  94:.\app_accel.c **** 		/*Backward gesture idetified*/
  95:.\app_accel.c **** 		if((ADC_y_current<=1100)&& (ADC_z_current>=1150)&& state!=BACKWARD)
 231              		.loc 1 95 0
 232 00cc 444B     		ldr	r3, .L15+4
 233 00ce 1B88     		ldrh	r3, [r3]
 234 00d0 1AB2     		sxth	r2, r3
 235 00d2 4D4B     		ldr	r3, .L15+44
 236 00d4 9A42     		cmp	r2, r3
 237 00d6 1ADC     		bgt	.L11
 238              		.loc 1 95 0 is_stmt 0 discriminator 1
 239 00d8 424B     		ldr	r3, .L15+8
 240 00da 1B88     		ldrh	r3, [r3]
 241 00dc 1AB2     		sxth	r2, r3
 242 00de 4B4B     		ldr	r3, .L15+48
 243 00e0 9A42     		cmp	r2, r3
 244 00e2 14DD     		ble	.L11
 245 00e4 464B     		ldr	r3, .L15+36
 246 00e6 1B78     		ldrb	r3, [r3]
 247 00e8 042B     		cmp	r3, #4
ARM GAS  C:\Users\jsing\AppData\Local\Temp\ccI4J38f.s 			page 7


 248 00ea 10D0     		beq	.L11
  96:.\app_accel.c **** 		{
  97:.\app_accel.c **** 				
  98:.\app_accel.c **** 			state= BACKWARD;
 249              		.loc 1 98 0 is_stmt 1
 250 00ec 444B     		ldr	r3, .L15+36
 251 00ee 0422     		mov	r2, #4
 252 00f0 1A70     		strb	r2, [r3]
  99:.\app_accel.c **** 			BLE_Command='b';
 253              		.loc 1 99 0
 254 00f2 444B     		ldr	r3, .L15+40
 255 00f4 6222     		mov	r2, #98
 256 00f6 1A70     		strb	r2, [r3]
 100:.\app_accel.c ****             RED_Write(0xFF);
 257              		.loc 1 100 0
 258 00f8 FF20     		mov	r0, #255
 259 00fa FFF7FEFF 		bl	RED_Write
 101:.\app_accel.c ****             GREEN_Write(0x00);
 260              		.loc 1 101 0
 261 00fe 0020     		mov	r0, #0
 262 0100 FFF7FEFF 		bl	GREEN_Write
 102:.\app_accel.c ****             BLUE_Write(0x00);
 263              		.loc 1 102 0
 264 0104 0020     		mov	r0, #0
 265 0106 FFF7FEFF 		bl	BLUE_Write
 103:.\app_accel.c **** 			return 1;
 266              		.loc 1 103 0
 267 010a 0123     		mov	r3, #1
 268 010c 62E0     		b	.L10
 269              	.L11:
 104:.\app_accel.c **** 		}
 105:.\app_accel.c **** 		/*Forward gesture idetified*/
 106:.\app_accel.c **** 		if((ADC_y_current>=1350)&& (ADC_z_current>=1150)&& state!=FORWARD)
 270              		.loc 1 106 0
 271 010e 344B     		ldr	r3, .L15+4
 272 0110 1B88     		ldrh	r3, [r3]
 273 0112 1AB2     		sxth	r2, r3
 274 0114 3E4B     		ldr	r3, .L15+52
 275 0116 9A42     		cmp	r2, r3
 276 0118 1ADD     		ble	.L12
 277              		.loc 1 106 0 is_stmt 0 discriminator 1
 278 011a 324B     		ldr	r3, .L15+8
 279 011c 1B88     		ldrh	r3, [r3]
 280 011e 1AB2     		sxth	r2, r3
 281 0120 3A4B     		ldr	r3, .L15+48
 282 0122 9A42     		cmp	r2, r3
 283 0124 14DD     		ble	.L12
 284 0126 364B     		ldr	r3, .L15+36
 285 0128 1B78     		ldrb	r3, [r3]
 286 012a 032B     		cmp	r3, #3
 287 012c 10D0     		beq	.L12
 107:.\app_accel.c **** 		{
 108:.\app_accel.c **** 		    state= FORWARD;
 288              		.loc 1 108 0 is_stmt 1
 289 012e 344B     		ldr	r3, .L15+36
 290 0130 0322     		mov	r2, #3
 291 0132 1A70     		strb	r2, [r3]
ARM GAS  C:\Users\jsing\AppData\Local\Temp\ccI4J38f.s 			page 8


 109:.\app_accel.c **** 			BLE_Command='s';
 292              		.loc 1 109 0
 293 0134 334B     		ldr	r3, .L15+40
 294 0136 7322     		mov	r2, #115
 295 0138 1A70     		strb	r2, [r3]
 110:.\app_accel.c ****             GREEN_Write(0xFF);
 296              		.loc 1 110 0
 297 013a FF20     		mov	r0, #255
 298 013c FFF7FEFF 		bl	GREEN_Write
 111:.\app_accel.c ****             RED_Write(0x00);
 299              		.loc 1 111 0
 300 0140 0020     		mov	r0, #0
 301 0142 FFF7FEFF 		bl	RED_Write
 112:.\app_accel.c ****             BLUE_Write(0x00);
 302              		.loc 1 112 0
 303 0146 0020     		mov	r0, #0
 304 0148 FFF7FEFF 		bl	BLUE_Write
 113:.\app_accel.c **** 			return 1;
 305              		.loc 1 113 0
 306 014c 0123     		mov	r3, #1
 307 014e 41E0     		b	.L10
 308              	.L12:
 114:.\app_accel.c **** 		}
 115:.\app_accel.c **** 		/*Right gesture idetified*/
 116:.\app_accel.c **** 		if((ADC_x_current<=1050)&& (ADC_z_current>=1150)&& state!=RIGHT)
 309              		.loc 1 116 0
 310 0150 224B     		ldr	r3, .L15
 311 0152 1B88     		ldrh	r3, [r3]
 312 0154 1AB2     		sxth	r2, r3
 313 0156 2F4B     		ldr	r3, .L15+56
 314 0158 9A42     		cmp	r2, r3
 315 015a 1ADC     		bgt	.L13
 316              		.loc 1 116 0 is_stmt 0 discriminator 1
 317 015c 214B     		ldr	r3, .L15+8
 318 015e 1B88     		ldrh	r3, [r3]
 319 0160 1AB2     		sxth	r2, r3
 320 0162 2A4B     		ldr	r3, .L15+48
 321 0164 9A42     		cmp	r2, r3
 322 0166 14DD     		ble	.L13
 323 0168 254B     		ldr	r3, .L15+36
 324 016a 1B78     		ldrb	r3, [r3]
 325 016c 022B     		cmp	r3, #2
 326 016e 10D0     		beq	.L13
 117:.\app_accel.c **** 		{
 118:.\app_accel.c **** 			
 119:.\app_accel.c **** 			state= RIGHT;
 327              		.loc 1 119 0 is_stmt 1
 328 0170 234B     		ldr	r3, .L15+36
 329 0172 0222     		mov	r2, #2
 330 0174 1A70     		strb	r2, [r3]
 120:.\app_accel.c **** 			BLE_Command='R';
 331              		.loc 1 120 0
 332 0176 234B     		ldr	r3, .L15+40
 333 0178 5222     		mov	r2, #82
 334 017a 1A70     		strb	r2, [r3]
 121:.\app_accel.c ****             BLUE_Write(0xFF);
 335              		.loc 1 121 0
ARM GAS  C:\Users\jsing\AppData\Local\Temp\ccI4J38f.s 			page 9


 336 017c FF20     		mov	r0, #255
 337 017e FFF7FEFF 		bl	BLUE_Write
 122:.\app_accel.c ****             GREEN_Write(0x00);
 338              		.loc 1 122 0
 339 0182 0020     		mov	r0, #0
 340 0184 FFF7FEFF 		bl	GREEN_Write
 123:.\app_accel.c ****             RED_Write(0x00);
 341              		.loc 1 123 0
 342 0188 0020     		mov	r0, #0
 343 018a FFF7FEFF 		bl	RED_Write
 124:.\app_accel.c **** 			return 1;
 344              		.loc 1 124 0
 345 018e 0123     		mov	r3, #1
 346 0190 20E0     		b	.L10
 347              	.L13:
 125:.\app_accel.c **** 		}
 126:.\app_accel.c **** 		/*Left gesture idetified*/
 127:.\app_accel.c **** 		if((ADC_x_current>=1350)&& (ADC_z_current>=1150)&& state!=LEFT)
 348              		.loc 1 127 0
 349 0192 124B     		ldr	r3, .L15
 350 0194 1B88     		ldrh	r3, [r3]
 351 0196 1AB2     		sxth	r2, r3
 352 0198 1D4B     		ldr	r3, .L15+52
 353 019a 9A42     		cmp	r2, r3
 354 019c 17DD     		ble	.L14
 355              		.loc 1 127 0 is_stmt 0 discriminator 1
 356 019e 114B     		ldr	r3, .L15+8
 357 01a0 1B88     		ldrh	r3, [r3]
 358 01a2 1AB2     		sxth	r2, r3
 359 01a4 194B     		ldr	r3, .L15+48
 360 01a6 9A42     		cmp	r2, r3
 361 01a8 11DD     		ble	.L14
 362 01aa 154B     		ldr	r3, .L15+36
 363 01ac 1B78     		ldrb	r3, [r3]
 364 01ae 012B     		cmp	r3, #1
 365 01b0 0DD0     		beq	.L14
 128:.\app_accel.c **** 		{
 129:.\app_accel.c **** 			state= LEFT;
 366              		.loc 1 129 0 is_stmt 1
 367 01b2 134B     		ldr	r3, .L15+36
 368 01b4 0122     		mov	r2, #1
 369 01b6 1A70     		strb	r2, [r3]
 130:.\app_accel.c ****             BLE_Command='L';
 370              		.loc 1 130 0
 371 01b8 124B     		ldr	r3, .L15+40
 372 01ba 4C22     		mov	r2, #76
 373 01bc 1A70     		strb	r2, [r3]
 131:.\app_accel.c ****             //RED_Write(0xFF);
 132:.\app_accel.c ****             GREEN_Write(0xFF);
 374              		.loc 1 132 0
 375 01be FF20     		mov	r0, #255
 376 01c0 FFF7FEFF 		bl	GREEN_Write
 133:.\app_accel.c ****             BLUE_Write(0xFF);
 377              		.loc 1 133 0
 378 01c4 FF20     		mov	r0, #255
 379 01c6 FFF7FEFF 		bl	BLUE_Write
 134:.\app_accel.c **** 			return 1;
ARM GAS  C:\Users\jsing\AppData\Local\Temp\ccI4J38f.s 			page 10


 380              		.loc 1 134 0
 381 01ca 0123     		mov	r3, #1
 382 01cc 02E0     		b	.L10
 383              	.L14:
 135:.\app_accel.c **** 		}
 136:.\app_accel.c **** 		return 0;/*No change of state */
 384              		.loc 1 136 0
 385 01ce 0023     		mov	r3, #0
 386 01d0 00E0     		b	.L10
 387              	.L8:
 137:.\app_accel.c **** 	
 138:.\app_accel.c ****     }
 139:.\app_accel.c ****     else
 140:.\app_accel.c **** 		return 0;/*ADC is busy. Return 0 */
 388              		.loc 1 140 0
 389 01d2 0023     		mov	r3, #0
 390              	.L10:
 141:.\app_accel.c **** }
 391              		.loc 1 141 0
 392 01d4 181C     		mov	r0, r3
 393 01d6 BD46     		mov	sp, r7
 394              		@ sp needed
 395 01d8 80BD     		pop	{r7, pc}
 396              	.L16:
 397 01da C046     		.align	2
 398              	.L15:
 399 01dc 00000000 		.word	ADC_x_current
 400 01e0 00000000 		.word	ADC_y_current
 401 01e4 00000000 		.word	ADC_z_current
 402 01e8 9B040000 		.word	1179
 403 01ec EC040000 		.word	1260
 404 01f0 F1030000 		.word	1009
 405 01f4 42040000 		.word	1090
 406 01f8 A5040000 		.word	1189
 407 01fc F6040000 		.word	1270
 408 0200 00000000 		.word	state
 409 0204 00000000 		.word	BLE_Command
 410 0208 4C040000 		.word	1100
 411 020c 7D040000 		.word	1149
 412 0210 45050000 		.word	1349
 413 0214 1A040000 		.word	1050
 414              		.cfi_endproc
 415              	.LFE36:
 416              		.size	Scan_Accelerometer, .-Scan_Accelerometer
 417              		.text
 418              	.Letext0:
 419              		.file 2 ".\\Generated_Source\\PSoC4/cytypes.h"
 420              		.file 3 ".\\Generated_Source\\PSoC4/BLE_Stack.h"
 421              		.file 4 ".\\Generated_Source\\PSoC4/BLE_StackGatt.h"
 422              		.file 5 ".\\Generated_Source\\PSoC4/BLE_StackGattServer.h"
 423              		.file 6 ".\\Generated_Source\\PSoC4/BLE_eventHandler.h"
 424              		.file 7 ".\\app_accel.h"
 425              		.file 8 ".\\main.h"
 426              		.section	.debug_info,"",%progbits
 427              	.Ldebug_info0:
 428 0000 9A040000 		.4byte	0x49a
 429 0004 0400     		.2byte	0x4
ARM GAS  C:\Users\jsing\AppData\Local\Temp\ccI4J38f.s 			page 11


 430 0006 00000000 		.4byte	.Ldebug_abbrev0
 431 000a 04       		.byte	0x4
 432 000b 01       		.uleb128 0x1
 433 000c 770A0000 		.4byte	.LASF109
 434 0010 01       		.byte	0x1
 435 0011 AF090000 		.4byte	.LASF110
 436 0015 30010000 		.4byte	.LASF111
 437 0019 00000000 		.4byte	.Ldebug_ranges0+0
 438 001d 00000000 		.4byte	0
 439 0021 00000000 		.4byte	.Ldebug_line0
 440 0025 02       		.uleb128 0x2
 441 0026 01       		.byte	0x1
 442 0027 06       		.byte	0x6
 443 0028 69050000 		.4byte	.LASF0
 444 002c 02       		.uleb128 0x2
 445 002d 01       		.byte	0x1
 446 002e 08       		.byte	0x8
 447 002f FB040000 		.4byte	.LASF1
 448 0033 02       		.uleb128 0x2
 449 0034 02       		.byte	0x2
 450 0035 05       		.byte	0x5
 451 0036 82000000 		.4byte	.LASF2
 452 003a 02       		.uleb128 0x2
 453 003b 02       		.byte	0x2
 454 003c 07       		.byte	0x7
 455 003d F0060000 		.4byte	.LASF3
 456 0041 02       		.uleb128 0x2
 457 0042 04       		.byte	0x4
 458 0043 05       		.byte	0x5
 459 0044 9B030000 		.4byte	.LASF4
 460 0048 02       		.uleb128 0x2
 461 0049 04       		.byte	0x4
 462 004a 07       		.byte	0x7
 463 004b C5030000 		.4byte	.LASF5
 464 004f 02       		.uleb128 0x2
 465 0050 08       		.byte	0x8
 466 0051 05       		.byte	0x5
 467 0052 57030000 		.4byte	.LASF6
 468 0056 02       		.uleb128 0x2
 469 0057 08       		.byte	0x8
 470 0058 07       		.byte	0x7
 471 0059 65030000 		.4byte	.LASF7
 472 005d 03       		.uleb128 0x3
 473 005e 04       		.byte	0x4
 474 005f 05       		.byte	0x5
 475 0060 696E7400 		.ascii	"int\000"
 476 0064 02       		.uleb128 0x2
 477 0065 04       		.byte	0x4
 478 0066 07       		.byte	0x7
 479 0067 D2050000 		.4byte	.LASF8
 480 006b 04       		.uleb128 0x4
 481 006c CF040000 		.4byte	.LASF9
 482 0070 02       		.byte	0x2
 483 0071 A1       		.byte	0xa1
 484 0072 2C000000 		.4byte	0x2c
 485 0076 04       		.uleb128 0x4
 486 0077 D8010000 		.4byte	.LASF10
ARM GAS  C:\Users\jsing\AppData\Local\Temp\ccI4J38f.s 			page 12


 487 007b 02       		.byte	0x2
 488 007c A2       		.byte	0xa2
 489 007d 3A000000 		.4byte	0x3a
 490 0081 04       		.uleb128 0x4
 491 0082 25020000 		.4byte	.LASF11
 492 0086 02       		.byte	0x2
 493 0087 A5       		.byte	0xa5
 494 0088 33000000 		.4byte	0x33
 495 008c 02       		.uleb128 0x2
 496 008d 04       		.byte	0x4
 497 008e 04       		.byte	0x4
 498 008f 1E030000 		.4byte	.LASF12
 499 0093 02       		.uleb128 0x2
 500 0094 08       		.byte	0x8
 501 0095 04       		.byte	0x4
 502 0096 B9070000 		.4byte	.LASF13
 503 009a 02       		.uleb128 0x2
 504 009b 01       		.byte	0x1
 505 009c 08       		.byte	0x8
 506 009d BC060000 		.4byte	.LASF14
 507 00a1 02       		.uleb128 0x2
 508 00a2 04       		.byte	0x4
 509 00a3 07       		.byte	0x7
 510 00a4 B5000000 		.4byte	.LASF15
 511 00a8 05       		.uleb128 0x5
 512 00a9 01       		.byte	0x1
 513 00aa 03       		.byte	0x3
 514 00ab 58       		.byte	0x58
 515 00ac 18020000 		.4byte	0x218
 516 00b0 06       		.uleb128 0x6
 517 00b1 8F020000 		.4byte	.LASF16
 518 00b5 00       		.sleb128 0
 519 00b6 06       		.uleb128 0x6
 520 00b7 A7010000 		.4byte	.LASF17
 521 00bb 01       		.sleb128 1
 522 00bc 06       		.uleb128 0x6
 523 00bd BD090000 		.4byte	.LASF18
 524 00c1 02       		.sleb128 2
 525 00c2 06       		.uleb128 0x6
 526 00c3 73080000 		.4byte	.LASF19
 527 00c7 03       		.sleb128 3
 528 00c8 06       		.uleb128 0x6
 529 00c9 1B010000 		.4byte	.LASF20
 530 00cd 04       		.sleb128 4
 531 00ce 06       		.uleb128 0x6
 532 00cf 43080000 		.4byte	.LASF21
 533 00d3 05       		.sleb128 5
 534 00d4 06       		.uleb128 0x6
 535 00d5 D1080000 		.4byte	.LASF22
 536 00d9 20       		.sleb128 32
 537 00da 06       		.uleb128 0x6
 538 00db 0D060000 		.4byte	.LASF23
 539 00df 21       		.sleb128 33
 540 00e0 06       		.uleb128 0x6
 541 00e1 0C000000 		.4byte	.LASF24
 542 00e5 22       		.sleb128 34
 543 00e6 06       		.uleb128 0x6
ARM GAS  C:\Users\jsing\AppData\Local\Temp\ccI4J38f.s 			page 13


 544 00e7 67040000 		.4byte	.LASF25
 545 00eb 23       		.sleb128 35
 546 00ec 06       		.uleb128 0x6
 547 00ed B6050000 		.4byte	.LASF26
 548 00f1 24       		.sleb128 36
 549 00f2 06       		.uleb128 0x6
 550 00f3 8C000000 		.4byte	.LASF27
 551 00f7 25       		.sleb128 37
 552 00f8 06       		.uleb128 0x6
 553 00f9 FD010000 		.4byte	.LASF28
 554 00fd 26       		.sleb128 38
 555 00fe 06       		.uleb128 0x6
 556 00ff D7030000 		.4byte	.LASF29
 557 0103 27       		.sleb128 39
 558 0104 06       		.uleb128 0x6
 559 0105 4C000000 		.4byte	.LASF30
 560 0109 28       		.sleb128 40
 561 010a 06       		.uleb128 0x6
 562 010b 4B060000 		.4byte	.LASF31
 563 010f 29       		.sleb128 41
 564 0110 06       		.uleb128 0x6
 565 0111 85060000 		.4byte	.LASF32
 566 0115 2A       		.sleb128 42
 567 0116 06       		.uleb128 0x6
 568 0117 4E070000 		.4byte	.LASF33
 569 011b 2B       		.sleb128 43
 570 011c 06       		.uleb128 0x6
 571 011d 2B020000 		.4byte	.LASF34
 572 0121 2C       		.sleb128 44
 573 0122 06       		.uleb128 0x6
 574 0123 CA000000 		.4byte	.LASF35
 575 0127 C000     		.sleb128 64
 576 0129 06       		.uleb128 0x6
 577 012a DF050000 		.4byte	.LASF36
 578 012e C100     		.sleb128 65
 579 0130 06       		.uleb128 0x6
 580 0131 DF010000 		.4byte	.LASF37
 581 0135 C200     		.sleb128 66
 582 0137 06       		.uleb128 0x6
 583 0138 BA010000 		.4byte	.LASF38
 584 013c C300     		.sleb128 67
 585 013e 06       		.uleb128 0x6
 586 013f 91090000 		.4byte	.LASF39
 587 0143 C400     		.sleb128 68
 588 0145 06       		.uleb128 0x6
 589 0146 2B090000 		.4byte	.LASF40
 590 014a C500     		.sleb128 69
 591 014c 06       		.uleb128 0x6
 592 014d 70090000 		.4byte	.LASF41
 593 0151 C600     		.sleb128 70
 594 0153 06       		.uleb128 0x6
 595 0154 4B050000 		.4byte	.LASF42
 596 0158 C700     		.sleb128 71
 597 015a 06       		.uleb128 0x6
 598 015b 8F050000 		.4byte	.LASF43
 599 015f C800     		.sleb128 72
 600 0161 06       		.uleb128 0x6
ARM GAS  C:\Users\jsing\AppData\Local\Temp\ccI4J38f.s 			page 14


 601 0162 24030000 		.4byte	.LASF44
 602 0166 C900     		.sleb128 73
 603 0168 06       		.uleb128 0x6
 604 0169 11070000 		.4byte	.LASF45
 605 016d CA00     		.sleb128 74
 606 016f 06       		.uleb128 0x6
 607 0170 4F020000 		.4byte	.LASF46
 608 0174 CB00     		.sleb128 75
 609 0176 06       		.uleb128 0x6
 610 0177 75050000 		.4byte	.LASF47
 611 017b CC00     		.sleb128 76
 612 017d 06       		.uleb128 0x6
 613 017e 3D030000 		.4byte	.LASF48
 614 0182 CD00     		.sleb128 77
 615 0184 06       		.uleb128 0x6
 616 0185 52090000 		.4byte	.LASF49
 617 0189 CE00     		.sleb128 78
 618 018b 06       		.uleb128 0x6
 619 018c 09050000 		.4byte	.LASF50
 620 0190 CF00     		.sleb128 79
 621 0192 06       		.uleb128 0x6
 622 0193 180A0000 		.4byte	.LASF51
 623 0197 D000     		.sleb128 80
 624 0199 06       		.uleb128 0x6
 625 019a 2F070000 		.4byte	.LASF52
 626 019e D100     		.sleb128 81
 627 01a0 06       		.uleb128 0x6
 628 01a1 2E040000 		.4byte	.LASF53
 629 01a5 D200     		.sleb128 82
 630 01a7 06       		.uleb128 0x6
 631 01a8 A4030000 		.4byte	.LASF54
 632 01ac D300     		.sleb128 83
 633 01ae 06       		.uleb128 0x6
 634 01af 6E020000 		.4byte	.LASF55
 635 01b3 D400     		.sleb128 84
 636 01b5 06       		.uleb128 0x6
 637 01b6 530A0000 		.4byte	.LASF56
 638 01ba D500     		.sleb128 85
 639 01bc 06       		.uleb128 0x6
 640 01bd D5040000 		.4byte	.LASF57
 641 01c1 F000     		.sleb128 112
 642 01c3 06       		.uleb128 0x6
 643 01c4 AB080000 		.4byte	.LASF58
 644 01c8 F100     		.sleb128 113
 645 01ca 06       		.uleb128 0x6
 646 01cb D4060000 		.4byte	.LASF59
 647 01cf F200     		.sleb128 114
 648 01d1 06       		.uleb128 0x6
 649 01d2 B9020000 		.4byte	.LASF60
 650 01d6 F300     		.sleb128 115
 651 01d8 06       		.uleb128 0x6
 652 01d9 A3040000 		.4byte	.LASF61
 653 01dd F400     		.sleb128 116
 654 01df 06       		.uleb128 0x6
 655 01e0 2A060000 		.4byte	.LASF62
 656 01e4 F500     		.sleb128 117
 657 01e6 06       		.uleb128 0x6
ARM GAS  C:\Users\jsing\AppData\Local\Temp\ccI4J38f.s 			page 15


 658 01e7 F4020000 		.4byte	.LASF63
 659 01eb F600     		.sleb128 118
 660 01ed 06       		.uleb128 0x6
 661 01ee 8C080000 		.4byte	.LASF64
 662 01f2 F700     		.sleb128 119
 663 01f4 06       		.uleb128 0x6
 664 01f5 8B070000 		.4byte	.LASF65
 665 01f9 F800     		.sleb128 120
 666 01fb 06       		.uleb128 0x6
 667 01fc 06080000 		.4byte	.LASF66
 668 0200 F900     		.sleb128 121
 669 0202 06       		.uleb128 0x6
 670 0203 CF090000 		.4byte	.LASF67
 671 0207 FA00     		.sleb128 122
 672 0209 06       		.uleb128 0x6
 673 020a 6D070000 		.4byte	.LASF68
 674 020e FA01     		.sleb128 250
 675 0210 06       		.uleb128 0x6
 676 0211 C1040000 		.4byte	.LASF69
 677 0215 FF01     		.sleb128 255
 678 0217 00       		.byte	0
 679 0218 07       		.uleb128 0x7
 680 0219 01       		.byte	0x1
 681 021a 03       		.byte	0x3
 682 021b F801     		.2byte	0x1f8
 683 021d 41020000 		.4byte	0x241
 684 0221 06       		.uleb128 0x6
 685 0222 C0070000 		.4byte	.LASF70
 686 0226 01       		.sleb128 1
 687 0227 06       		.uleb128 0x6
 688 0228 73060000 		.4byte	.LASF71
 689 022c 02       		.sleb128 2
 690 022d 06       		.uleb128 0x6
 691 022e 8D040000 		.4byte	.LASF72
 692 0232 03       		.sleb128 3
 693 0233 06       		.uleb128 0x6
 694 0234 FE0A0000 		.4byte	.LASF73
 695 0238 04       		.sleb128 4
 696 0239 06       		.uleb128 0x6
 697 023a 5F080000 		.4byte	.LASF74
 698 023e FF01     		.sleb128 255
 699 0240 00       		.byte	0
 700 0241 08       		.uleb128 0x8
 701 0242 F6030000 		.4byte	.LASF75
 702 0246 03       		.byte	0x3
 703 0247 1402     		.2byte	0x214
 704 0249 18020000 		.4byte	0x218
 705 024d 07       		.uleb128 0x7
 706 024e 01       		.byte	0x1
 707 024f 03       		.byte	0x3
 708 0250 1802     		.2byte	0x218
 709 0252 88020000 		.4byte	0x288
 710 0256 06       		.uleb128 0x6
 711 0257 15040000 		.4byte	.LASF76
 712 025b 01       		.sleb128 1
 713 025c 06       		.uleb128 0x6
 714 025d E4000000 		.4byte	.LASF77
ARM GAS  C:\Users\jsing\AppData\Local\Temp\ccI4J38f.s 			page 16


 715 0261 02       		.sleb128 2
 716 0262 06       		.uleb128 0x6
 717 0263 4F040000 		.4byte	.LASF78
 718 0267 03       		.sleb128 3
 719 0268 06       		.uleb128 0x6
 720 0269 02010000 		.4byte	.LASF79
 721 026d 04       		.sleb128 4
 722 026e 06       		.uleb128 0x6
 723 026f D7020000 		.4byte	.LASF80
 724 0273 05       		.sleb128 5
 725 0274 06       		.uleb128 0x6
 726 0275 F5080000 		.4byte	.LASF81
 727 0279 06       		.sleb128 6
 728 027a 06       		.uleb128 0x6
 729 027b 30000000 		.4byte	.LASF82
 730 027f 07       		.sleb128 7
 731 0280 06       		.uleb128 0x6
 732 0281 29080000 		.4byte	.LASF83
 733 0285 FF01     		.sleb128 255
 734 0287 00       		.byte	0
 735 0288 08       		.uleb128 0x8
 736 0289 28050000 		.4byte	.LASF84
 737 028d 03       		.byte	0x3
 738 028e 2102     		.2byte	0x221
 739 0290 4D020000 		.4byte	0x24d
 740 0294 09       		.uleb128 0x9
 741 0295 04       		.byte	0x4
 742 0296 6B000000 		.4byte	0x6b
 743 029a 08       		.uleb128 0x8
 744 029b 370A0000 		.4byte	.LASF85
 745 029f 04       		.byte	0x4
 746 02a0 5201     		.2byte	0x152
 747 02a2 76000000 		.4byte	0x76
 748 02a6 0A       		.uleb128 0xa
 749 02a7 02       		.byte	0x2
 750 02a8 04       		.byte	0x4
 751 02a9 5501     		.2byte	0x155
 752 02ab CA020000 		.4byte	0x2ca
 753 02af 0B       		.uleb128 0xb
 754 02b0 15030000 		.4byte	.LASF86
 755 02b4 04       		.byte	0x4
 756 02b5 5C01     		.2byte	0x15c
 757 02b7 6B000000 		.4byte	0x6b
 758 02bb 00       		.byte	0
 759 02bc 0B       		.uleb128 0xb
 760 02bd 24060000 		.4byte	.LASF87
 761 02c1 04       		.byte	0x4
 762 02c2 6201     		.2byte	0x162
 763 02c4 6B000000 		.4byte	0x6b
 764 02c8 01       		.byte	0x1
 765 02c9 00       		.byte	0
 766 02ca 08       		.uleb128 0x8
 767 02cb D3070000 		.4byte	.LASF88
 768 02cf 04       		.byte	0x4
 769 02d0 6401     		.2byte	0x164
 770 02d2 A6020000 		.4byte	0x2a6
 771 02d6 0A       		.uleb128 0xa
ARM GAS  C:\Users\jsing\AppData\Local\Temp\ccI4J38f.s 			page 17


 772 02d7 08       		.byte	0x8
 773 02d8 04       		.byte	0x4
 774 02d9 7901     		.2byte	0x179
 775 02db 07030000 		.4byte	0x307
 776 02df 0C       		.uleb128 0xc
 777 02e0 76616C00 		.ascii	"val\000"
 778 02e4 04       		.byte	0x4
 779 02e5 7C01     		.2byte	0x17c
 780 02e7 94020000 		.4byte	0x294
 781 02eb 00       		.byte	0
 782 02ec 0C       		.uleb128 0xc
 783 02ed 6C656E00 		.ascii	"len\000"
 784 02f1 04       		.byte	0x4
 785 02f2 7F01     		.2byte	0x17f
 786 02f4 76000000 		.4byte	0x76
 787 02f8 04       		.byte	0x4
 788 02f9 0B       		.uleb128 0xb
 789 02fa 21090000 		.4byte	.LASF89
 790 02fe 04       		.byte	0x4
 791 02ff 8601     		.2byte	0x186
 792 0301 76000000 		.4byte	0x76
 793 0305 06       		.byte	0x6
 794 0306 00       		.byte	0
 795 0307 08       		.uleb128 0x8
 796 0308 C1060000 		.4byte	.LASF90
 797 030c 04       		.byte	0x4
 798 030d 8801     		.2byte	0x188
 799 030f D6020000 		.4byte	0x2d6
 800 0313 0A       		.uleb128 0xa
 801 0314 0C       		.byte	0xc
 802 0315 04       		.byte	0x4
 803 0316 8B01     		.2byte	0x18b
 804 0318 37030000 		.4byte	0x337
 805 031c 0B       		.uleb128 0xb
 806 031d 120A0000 		.4byte	.LASF91
 807 0321 04       		.byte	0x4
 808 0322 8E01     		.2byte	0x18e
 809 0324 07030000 		.4byte	0x307
 810 0328 00       		.byte	0
 811 0329 0B       		.uleb128 0xb
 812 032a AE070000 		.4byte	.LASF92
 813 032e 04       		.byte	0x4
 814 032f 9101     		.2byte	0x191
 815 0331 9A020000 		.4byte	0x29a
 816 0335 08       		.byte	0x8
 817 0336 00       		.byte	0
 818 0337 08       		.uleb128 0x8
 819 0338 E7070000 		.4byte	.LASF93
 820 033c 04       		.byte	0x4
 821 033d 9301     		.2byte	0x193
 822 033f 13030000 		.4byte	0x313
 823 0343 04       		.uleb128 0x4
 824 0344 7C030000 		.4byte	.LASF94
 825 0348 05       		.byte	0x5
 826 0349 2D       		.byte	0x2d
 827 034a 37030000 		.4byte	0x337
 828 034e 0D       		.uleb128 0xd
ARM GAS  C:\Users\jsing\AppData\Local\Temp\ccI4J38f.s 			page 18


 829 034f BE000000 		.4byte	.LASF112
 830 0353 01       		.byte	0x1
 831 0354 21       		.byte	0x21
 832 0355 00000000 		.4byte	.LFB35
 833 0359 68000000 		.4byte	.LFE35-.LFB35
 834 035d 01       		.uleb128 0x1
 835 035e 9C       		.byte	0x9c
 836 035f 72030000 		.4byte	0x372
 837 0363 0E       		.uleb128 0xe
 838 0364 F3090000 		.4byte	.LASF113
 839 0368 01       		.byte	0x1
 840 0369 24       		.byte	0x24
 841 036a 43030000 		.4byte	0x343
 842 036e 02       		.uleb128 0x2
 843 036f 91       		.byte	0x91
 844 0370 6C       		.sleb128 -20
 845 0371 00       		.byte	0
 846 0372 0F       		.uleb128 0xf
 847 0373 A6020000 		.4byte	.LASF114
 848 0377 01       		.byte	0x1
 849 0378 4A       		.byte	0x4a
 850 0379 6B000000 		.4byte	0x6b
 851 037d 00000000 		.4byte	.LFB36
 852 0381 18020000 		.4byte	.LFE36-.LFB36
 853 0385 01       		.uleb128 0x1
 854 0386 9C       		.byte	0x9c
 855 0387 10       		.uleb128 0x10
 856 0388 010A0000 		.4byte	.LASF95
 857 038c 06       		.byte	0x6
 858 038d 2307     		.2byte	0x723
 859 038f CA020000 		.4byte	0x2ca
 860 0393 11       		.uleb128 0x11
 861 0394 00000000 		.4byte	.LASF96
 862 0398 07       		.byte	0x7
 863 0399 2C       		.byte	0x2c
 864 039a 6B000000 		.4byte	0x6b
 865 039e 05       		.uleb128 0x5
 866 039f 03       		.byte	0x3
 867 03a0 00000000 		.4byte	scan_status
 868 03a4 12       		.uleb128 0x12
 869 03a5 7800     		.ascii	"x\000"
 870 03a7 07       		.byte	0x7
 871 03a8 2D       		.byte	0x2d
 872 03a9 6B000000 		.4byte	0x6b
 873 03ad 05       		.uleb128 0x5
 874 03ae 03       		.byte	0x3
 875 03af 00000000 		.4byte	x
 876 03b3 12       		.uleb128 0x12
 877 03b4 7900     		.ascii	"y\000"
 878 03b6 07       		.byte	0x7
 879 03b7 2D       		.byte	0x2d
 880 03b8 6B000000 		.4byte	0x6b
 881 03bc 05       		.uleb128 0x5
 882 03bd 03       		.byte	0x3
 883 03be 00000000 		.4byte	y
 884 03c2 12       		.uleb128 0x12
 885 03c3 7A00     		.ascii	"z\000"
ARM GAS  C:\Users\jsing\AppData\Local\Temp\ccI4J38f.s 			page 19


 886 03c5 07       		.byte	0x7
 887 03c6 2D       		.byte	0x2d
 888 03c7 6B000000 		.4byte	0x6b
 889 03cb 05       		.uleb128 0x5
 890 03cc 03       		.byte	0x3
 891 03cd 00000000 		.4byte	z
 892 03d1 11       		.uleb128 0x11
 893 03d2 03070000 		.4byte	.LASF97
 894 03d6 07       		.byte	0x7
 895 03d7 2E       		.byte	0x2e
 896 03d8 81000000 		.4byte	0x81
 897 03dc 05       		.uleb128 0x5
 898 03dd 03       		.byte	0x3
 899 03de 00000000 		.4byte	ADC_x_current
 900 03e2 11       		.uleb128 0x11
 901 03e3 6E000000 		.4byte	.LASF98
 902 03e7 07       		.byte	0x7
 903 03e8 2E       		.byte	0x2e
 904 03e9 81000000 		.4byte	0x81
 905 03ed 05       		.uleb128 0x5
 906 03ee 03       		.byte	0x3
 907 03ef 00000000 		.4byte	ADC_y_current
 908 03f3 11       		.uleb128 0x11
 909 03f4 AE060000 		.4byte	.LASF99
 910 03f8 07       		.byte	0x7
 911 03f9 2E       		.byte	0x2e
 912 03fa 81000000 		.4byte	0x81
 913 03fe 05       		.uleb128 0x5
 914 03ff 03       		.byte	0x3
 915 0400 00000000 		.4byte	ADC_z_current
 916 0404 11       		.uleb128 0x11
 917 0405 A6000000 		.4byte	.LASF100
 918 0409 07       		.byte	0x7
 919 040a 2E       		.byte	0x2e
 920 040b 81000000 		.4byte	0x81
 921 040f 05       		.uleb128 0x5
 922 0410 03       		.byte	0x3
 923 0411 00000000 		.4byte	ADC_x_previous
 924 0415 11       		.uleb128 0x11
 925 0416 3C050000 		.4byte	.LASF101
 926 041a 07       		.byte	0x7
 927 041b 2E       		.byte	0x2e
 928 041c 81000000 		.4byte	0x81
 929 0420 05       		.uleb128 0x5
 930 0421 03       		.byte	0x3
 931 0422 00000000 		.4byte	ADC_y_previous
 932 0426 11       		.uleb128 0x11
 933 0427 06040000 		.4byte	.LASF102
 934 042b 07       		.byte	0x7
 935 042c 2E       		.byte	0x2e
 936 042d 81000000 		.4byte	0x81
 937 0431 05       		.uleb128 0x5
 938 0432 03       		.byte	0x3
 939 0433 00000000 		.4byte	ADC_z_previous
 940 0437 11       		.uleb128 0x11
 941 0438 01060000 		.4byte	.LASF103
 942 043c 07       		.byte	0x7
ARM GAS  C:\Users\jsing\AppData\Local\Temp\ccI4J38f.s 			page 20


 943 043d 2F       		.byte	0x2f
 944 043e 6B000000 		.4byte	0x6b
 945 0442 05       		.uleb128 0x5
 946 0443 03       		.byte	0x3
 947 0444 00000000 		.4byte	BLE_Command
 948 0448 11       		.uleb128 0x11
 949 0449 7C000000 		.4byte	.LASF104
 950 044d 07       		.byte	0x7
 951 044e 30       		.byte	0x30
 952 044f 6B000000 		.4byte	0x6b
 953 0453 05       		.uleb128 0x5
 954 0454 03       		.byte	0x3
 955 0455 00000000 		.4byte	state
 956 0459 11       		.uleb128 0x11
 957 045a F30A0000 		.4byte	.LASF105
 958 045e 08       		.byte	0x8
 959 045f 22       		.byte	0x22
 960 0460 6B000000 		.4byte	0x6b
 961 0464 05       		.uleb128 0x5
 962 0465 03       		.byte	0x3
 963 0466 00000000 		.4byte	connStatus
 964 046a 11       		.uleb128 0x11
 965 046b FA050000 		.4byte	.LASF106
 966 046f 08       		.byte	0x8
 967 0470 23       		.byte	0x23
 968 0471 41020000 		.4byte	0x241
 969 0475 05       		.uleb128 0x5
 970 0476 03       		.byte	0x3
 971 0477 00000000 		.4byte	lpMode
 972 047b 11       		.uleb128 0x11
 973 047c 68060000 		.4byte	.LASF107
 974 0480 08       		.byte	0x8
 975 0481 24       		.byte	0x24
 976 0482 88020000 		.4byte	0x288
 977 0486 05       		.uleb128 0x5
 978 0487 03       		.byte	0x3
 979 0488 00000000 		.4byte	blessState
 980 048c 11       		.uleb128 0x11
 981 048d 11090000 		.4byte	.LASF108
 982 0491 08       		.byte	0x8
 983 0492 25       		.byte	0x25
 984 0493 6B000000 		.4byte	0x6b
 985 0497 05       		.uleb128 0x5
 986 0498 03       		.byte	0x3
 987 0499 00000000 		.4byte	interruptStatus
 988 049d 00       		.byte	0
 989              		.section	.debug_abbrev,"",%progbits
 990              	.Ldebug_abbrev0:
 991 0000 01       		.uleb128 0x1
 992 0001 11       		.uleb128 0x11
 993 0002 01       		.byte	0x1
 994 0003 25       		.uleb128 0x25
 995 0004 0E       		.uleb128 0xe
 996 0005 13       		.uleb128 0x13
 997 0006 0B       		.uleb128 0xb
 998 0007 03       		.uleb128 0x3
 999 0008 0E       		.uleb128 0xe
ARM GAS  C:\Users\jsing\AppData\Local\Temp\ccI4J38f.s 			page 21


 1000 0009 1B       		.uleb128 0x1b
 1001 000a 0E       		.uleb128 0xe
 1002 000b 55       		.uleb128 0x55
 1003 000c 17       		.uleb128 0x17
 1004 000d 11       		.uleb128 0x11
 1005 000e 01       		.uleb128 0x1
 1006 000f 10       		.uleb128 0x10
 1007 0010 17       		.uleb128 0x17
 1008 0011 00       		.byte	0
 1009 0012 00       		.byte	0
 1010 0013 02       		.uleb128 0x2
 1011 0014 24       		.uleb128 0x24
 1012 0015 00       		.byte	0
 1013 0016 0B       		.uleb128 0xb
 1014 0017 0B       		.uleb128 0xb
 1015 0018 3E       		.uleb128 0x3e
 1016 0019 0B       		.uleb128 0xb
 1017 001a 03       		.uleb128 0x3
 1018 001b 0E       		.uleb128 0xe
 1019 001c 00       		.byte	0
 1020 001d 00       		.byte	0
 1021 001e 03       		.uleb128 0x3
 1022 001f 24       		.uleb128 0x24
 1023 0020 00       		.byte	0
 1024 0021 0B       		.uleb128 0xb
 1025 0022 0B       		.uleb128 0xb
 1026 0023 3E       		.uleb128 0x3e
 1027 0024 0B       		.uleb128 0xb
 1028 0025 03       		.uleb128 0x3
 1029 0026 08       		.uleb128 0x8
 1030 0027 00       		.byte	0
 1031 0028 00       		.byte	0
 1032 0029 04       		.uleb128 0x4
 1033 002a 16       		.uleb128 0x16
 1034 002b 00       		.byte	0
 1035 002c 03       		.uleb128 0x3
 1036 002d 0E       		.uleb128 0xe
 1037 002e 3A       		.uleb128 0x3a
 1038 002f 0B       		.uleb128 0xb
 1039 0030 3B       		.uleb128 0x3b
 1040 0031 0B       		.uleb128 0xb
 1041 0032 49       		.uleb128 0x49
 1042 0033 13       		.uleb128 0x13
 1043 0034 00       		.byte	0
 1044 0035 00       		.byte	0
 1045 0036 05       		.uleb128 0x5
 1046 0037 04       		.uleb128 0x4
 1047 0038 01       		.byte	0x1
 1048 0039 0B       		.uleb128 0xb
 1049 003a 0B       		.uleb128 0xb
 1050 003b 3A       		.uleb128 0x3a
 1051 003c 0B       		.uleb128 0xb
 1052 003d 3B       		.uleb128 0x3b
 1053 003e 0B       		.uleb128 0xb
 1054 003f 01       		.uleb128 0x1
 1055 0040 13       		.uleb128 0x13
 1056 0041 00       		.byte	0
ARM GAS  C:\Users\jsing\AppData\Local\Temp\ccI4J38f.s 			page 22


 1057 0042 00       		.byte	0
 1058 0043 06       		.uleb128 0x6
 1059 0044 28       		.uleb128 0x28
 1060 0045 00       		.byte	0
 1061 0046 03       		.uleb128 0x3
 1062 0047 0E       		.uleb128 0xe
 1063 0048 1C       		.uleb128 0x1c
 1064 0049 0D       		.uleb128 0xd
 1065 004a 00       		.byte	0
 1066 004b 00       		.byte	0
 1067 004c 07       		.uleb128 0x7
 1068 004d 04       		.uleb128 0x4
 1069 004e 01       		.byte	0x1
 1070 004f 0B       		.uleb128 0xb
 1071 0050 0B       		.uleb128 0xb
 1072 0051 3A       		.uleb128 0x3a
 1073 0052 0B       		.uleb128 0xb
 1074 0053 3B       		.uleb128 0x3b
 1075 0054 05       		.uleb128 0x5
 1076 0055 01       		.uleb128 0x1
 1077 0056 13       		.uleb128 0x13
 1078 0057 00       		.byte	0
 1079 0058 00       		.byte	0
 1080 0059 08       		.uleb128 0x8
 1081 005a 16       		.uleb128 0x16
 1082 005b 00       		.byte	0
 1083 005c 03       		.uleb128 0x3
 1084 005d 0E       		.uleb128 0xe
 1085 005e 3A       		.uleb128 0x3a
 1086 005f 0B       		.uleb128 0xb
 1087 0060 3B       		.uleb128 0x3b
 1088 0061 05       		.uleb128 0x5
 1089 0062 49       		.uleb128 0x49
 1090 0063 13       		.uleb128 0x13
 1091 0064 00       		.byte	0
 1092 0065 00       		.byte	0
 1093 0066 09       		.uleb128 0x9
 1094 0067 0F       		.uleb128 0xf
 1095 0068 00       		.byte	0
 1096 0069 0B       		.uleb128 0xb
 1097 006a 0B       		.uleb128 0xb
 1098 006b 49       		.uleb128 0x49
 1099 006c 13       		.uleb128 0x13
 1100 006d 00       		.byte	0
 1101 006e 00       		.byte	0
 1102 006f 0A       		.uleb128 0xa
 1103 0070 13       		.uleb128 0x13
 1104 0071 01       		.byte	0x1
 1105 0072 0B       		.uleb128 0xb
 1106 0073 0B       		.uleb128 0xb
 1107 0074 3A       		.uleb128 0x3a
 1108 0075 0B       		.uleb128 0xb
 1109 0076 3B       		.uleb128 0x3b
 1110 0077 05       		.uleb128 0x5
 1111 0078 01       		.uleb128 0x1
 1112 0079 13       		.uleb128 0x13
 1113 007a 00       		.byte	0
ARM GAS  C:\Users\jsing\AppData\Local\Temp\ccI4J38f.s 			page 23


 1114 007b 00       		.byte	0
 1115 007c 0B       		.uleb128 0xb
 1116 007d 0D       		.uleb128 0xd
 1117 007e 00       		.byte	0
 1118 007f 03       		.uleb128 0x3
 1119 0080 0E       		.uleb128 0xe
 1120 0081 3A       		.uleb128 0x3a
 1121 0082 0B       		.uleb128 0xb
 1122 0083 3B       		.uleb128 0x3b
 1123 0084 05       		.uleb128 0x5
 1124 0085 49       		.uleb128 0x49
 1125 0086 13       		.uleb128 0x13
 1126 0087 38       		.uleb128 0x38
 1127 0088 0B       		.uleb128 0xb
 1128 0089 00       		.byte	0
 1129 008a 00       		.byte	0
 1130 008b 0C       		.uleb128 0xc
 1131 008c 0D       		.uleb128 0xd
 1132 008d 00       		.byte	0
 1133 008e 03       		.uleb128 0x3
 1134 008f 08       		.uleb128 0x8
 1135 0090 3A       		.uleb128 0x3a
 1136 0091 0B       		.uleb128 0xb
 1137 0092 3B       		.uleb128 0x3b
 1138 0093 05       		.uleb128 0x5
 1139 0094 49       		.uleb128 0x49
 1140 0095 13       		.uleb128 0x13
 1141 0096 38       		.uleb128 0x38
 1142 0097 0B       		.uleb128 0xb
 1143 0098 00       		.byte	0
 1144 0099 00       		.byte	0
 1145 009a 0D       		.uleb128 0xd
 1146 009b 2E       		.uleb128 0x2e
 1147 009c 01       		.byte	0x1
 1148 009d 3F       		.uleb128 0x3f
 1149 009e 19       		.uleb128 0x19
 1150 009f 03       		.uleb128 0x3
 1151 00a0 0E       		.uleb128 0xe
 1152 00a1 3A       		.uleb128 0x3a
 1153 00a2 0B       		.uleb128 0xb
 1154 00a3 3B       		.uleb128 0x3b
 1155 00a4 0B       		.uleb128 0xb
 1156 00a5 11       		.uleb128 0x11
 1157 00a6 01       		.uleb128 0x1
 1158 00a7 12       		.uleb128 0x12
 1159 00a8 06       		.uleb128 0x6
 1160 00a9 40       		.uleb128 0x40
 1161 00aa 18       		.uleb128 0x18
 1162 00ab 9642     		.uleb128 0x2116
 1163 00ad 19       		.uleb128 0x19
 1164 00ae 01       		.uleb128 0x1
 1165 00af 13       		.uleb128 0x13
 1166 00b0 00       		.byte	0
 1167 00b1 00       		.byte	0
 1168 00b2 0E       		.uleb128 0xe
 1169 00b3 34       		.uleb128 0x34
 1170 00b4 00       		.byte	0
ARM GAS  C:\Users\jsing\AppData\Local\Temp\ccI4J38f.s 			page 24


 1171 00b5 03       		.uleb128 0x3
 1172 00b6 0E       		.uleb128 0xe
 1173 00b7 3A       		.uleb128 0x3a
 1174 00b8 0B       		.uleb128 0xb
 1175 00b9 3B       		.uleb128 0x3b
 1176 00ba 0B       		.uleb128 0xb
 1177 00bb 49       		.uleb128 0x49
 1178 00bc 13       		.uleb128 0x13
 1179 00bd 02       		.uleb128 0x2
 1180 00be 18       		.uleb128 0x18
 1181 00bf 00       		.byte	0
 1182 00c0 00       		.byte	0
 1183 00c1 0F       		.uleb128 0xf
 1184 00c2 2E       		.uleb128 0x2e
 1185 00c3 00       		.byte	0
 1186 00c4 3F       		.uleb128 0x3f
 1187 00c5 19       		.uleb128 0x19
 1188 00c6 03       		.uleb128 0x3
 1189 00c7 0E       		.uleb128 0xe
 1190 00c8 3A       		.uleb128 0x3a
 1191 00c9 0B       		.uleb128 0xb
 1192 00ca 3B       		.uleb128 0x3b
 1193 00cb 0B       		.uleb128 0xb
 1194 00cc 49       		.uleb128 0x49
 1195 00cd 13       		.uleb128 0x13
 1196 00ce 11       		.uleb128 0x11
 1197 00cf 01       		.uleb128 0x1
 1198 00d0 12       		.uleb128 0x12
 1199 00d1 06       		.uleb128 0x6
 1200 00d2 40       		.uleb128 0x40
 1201 00d3 18       		.uleb128 0x18
 1202 00d4 9642     		.uleb128 0x2116
 1203 00d6 19       		.uleb128 0x19
 1204 00d7 00       		.byte	0
 1205 00d8 00       		.byte	0
 1206 00d9 10       		.uleb128 0x10
 1207 00da 34       		.uleb128 0x34
 1208 00db 00       		.byte	0
 1209 00dc 03       		.uleb128 0x3
 1210 00dd 0E       		.uleb128 0xe
 1211 00de 3A       		.uleb128 0x3a
 1212 00df 0B       		.uleb128 0xb
 1213 00e0 3B       		.uleb128 0x3b
 1214 00e1 05       		.uleb128 0x5
 1215 00e2 49       		.uleb128 0x49
 1216 00e3 13       		.uleb128 0x13
 1217 00e4 3F       		.uleb128 0x3f
 1218 00e5 19       		.uleb128 0x19
 1219 00e6 3C       		.uleb128 0x3c
 1220 00e7 19       		.uleb128 0x19
 1221 00e8 00       		.byte	0
 1222 00e9 00       		.byte	0
 1223 00ea 11       		.uleb128 0x11
 1224 00eb 34       		.uleb128 0x34
 1225 00ec 00       		.byte	0
 1226 00ed 03       		.uleb128 0x3
 1227 00ee 0E       		.uleb128 0xe
ARM GAS  C:\Users\jsing\AppData\Local\Temp\ccI4J38f.s 			page 25


 1228 00ef 3A       		.uleb128 0x3a
 1229 00f0 0B       		.uleb128 0xb
 1230 00f1 3B       		.uleb128 0x3b
 1231 00f2 0B       		.uleb128 0xb
 1232 00f3 49       		.uleb128 0x49
 1233 00f4 13       		.uleb128 0x13
 1234 00f5 3F       		.uleb128 0x3f
 1235 00f6 19       		.uleb128 0x19
 1236 00f7 02       		.uleb128 0x2
 1237 00f8 18       		.uleb128 0x18
 1238 00f9 00       		.byte	0
 1239 00fa 00       		.byte	0
 1240 00fb 12       		.uleb128 0x12
 1241 00fc 34       		.uleb128 0x34
 1242 00fd 00       		.byte	0
 1243 00fe 03       		.uleb128 0x3
 1244 00ff 08       		.uleb128 0x8
 1245 0100 3A       		.uleb128 0x3a
 1246 0101 0B       		.uleb128 0xb
 1247 0102 3B       		.uleb128 0x3b
 1248 0103 0B       		.uleb128 0xb
 1249 0104 49       		.uleb128 0x49
 1250 0105 13       		.uleb128 0x13
 1251 0106 3F       		.uleb128 0x3f
 1252 0107 19       		.uleb128 0x19
 1253 0108 02       		.uleb128 0x2
 1254 0109 18       		.uleb128 0x18
 1255 010a 00       		.byte	0
 1256 010b 00       		.byte	0
 1257 010c 00       		.byte	0
 1258              		.section	.debug_aranges,"",%progbits
 1259 0000 24000000 		.4byte	0x24
 1260 0004 0200     		.2byte	0x2
 1261 0006 00000000 		.4byte	.Ldebug_info0
 1262 000a 04       		.byte	0x4
 1263 000b 00       		.byte	0
 1264 000c 0000     		.2byte	0
 1265 000e 0000     		.2byte	0
 1266 0010 00000000 		.4byte	.LFB35
 1267 0014 68000000 		.4byte	.LFE35-.LFB35
 1268 0018 00000000 		.4byte	.LFB36
 1269 001c 18020000 		.4byte	.LFE36-.LFB36
 1270 0020 00000000 		.4byte	0
 1271 0024 00000000 		.4byte	0
 1272              		.section	.debug_ranges,"",%progbits
 1273              	.Ldebug_ranges0:
 1274 0000 00000000 		.4byte	.LFB35
 1275 0004 68000000 		.4byte	.LFE35
 1276 0008 00000000 		.4byte	.LFB36
 1277 000c 18020000 		.4byte	.LFE36
 1278 0010 00000000 		.4byte	0
 1279 0014 00000000 		.4byte	0
 1280              		.section	.debug_line,"",%progbits
 1281              	.Ldebug_line0:
 1282 0000 34010000 		.section	.debug_str,"MS",%progbits,1
 1282      0200B800 
 1282      00000201 
ARM GAS  C:\Users\jsing\AppData\Local\Temp\ccI4J38f.s 			page 26


 1282      FB0E0D00 
 1282      01010101 
 1283              	.LASF96:
 1284 0000 7363616E 		.ascii	"scan_status\000"
 1284      5F737461 
 1284      74757300 
 1285              	.LASF24:
 1286 000c 4359424C 		.ascii	"CYBLE_EVT_GAP_PASSKEY_ENTRY_REQUEST\000"
 1286      455F4556 
 1286      545F4741 
 1286      505F5041 
 1286      53534B45 
 1287              	.LASF82:
 1288 0030 4359424C 		.ascii	"CYBLE_BLESS_STATE_HIBERNATE\000"
 1288      455F424C 
 1288      4553535F 
 1288      53544154 
 1288      455F4849 
 1289              	.LASF30:
 1290 004c 4359424C 		.ascii	"CYBLE_EVT_GAP_DEVICE_DISCONNECTED\000"
 1290      455F4556 
 1290      545F4741 
 1290      505F4445 
 1290      56494345 
 1291              	.LASF98:
 1292 006e 4144435F 		.ascii	"ADC_y_current\000"
 1292      795F6375 
 1292      7272656E 
 1292      7400
 1293              	.LASF104:
 1294 007c 73746174 		.ascii	"state\000"
 1294      6500
 1295              	.LASF2:
 1296 0082 73686F72 		.ascii	"short int\000"
 1296      7420696E 
 1296      7400
 1297              	.LASF27:
 1298 008c 4359424C 		.ascii	"CYBLE_EVT_GAP_AUTH_FAILED\000"
 1298      455F4556 
 1298      545F4741 
 1298      505F4155 
 1298      54485F46 
 1299              	.LASF100:
 1300 00a6 4144435F 		.ascii	"ADC_x_previous\000"
 1300      785F7072 
 1300      6576696F 
 1300      757300
 1301              	.LASF15:
 1302 00b5 73697A65 		.ascii	"sizetype\000"
 1302      74797065 
 1302      00
 1303              	.LASF112:
 1304 00be 53656E64 		.ascii	"SendCommand\000"
 1304      436F6D6D 
 1304      616E6400 
 1305              	.LASF35:
 1306 00ca 4359424C 		.ascii	"CYBLE_EVT_GATTC_ERROR_RSP\000"
ARM GAS  C:\Users\jsing\AppData\Local\Temp\ccI4J38f.s 			page 27


 1306      455F4556 
 1306      545F4741 
 1306      5454435F 
 1306      4552524F 
 1307              	.LASF77:
 1308 00e4 4359424C 		.ascii	"CYBLE_BLESS_STATE_EVENT_CLOSE\000"
 1308      455F424C 
 1308      4553535F 
 1308      53544154 
 1308      455F4556 
 1309              	.LASF79:
 1310 0102 4359424C 		.ascii	"CYBLE_BLESS_STATE_ECO_ON\000"
 1310      455F424C 
 1310      4553535F 
 1310      53544154 
 1310      455F4543 
 1311              	.LASF20:
 1312 011b 4359424C 		.ascii	"CYBLE_EVT_HCI_STATUS\000"
 1312      455F4556 
 1312      545F4843 
 1312      495F5354 
 1312      41545553 
 1313              	.LASF111:
 1314 0130 443A5C55 		.ascii	"D:\\Users\\jsing\\Desktop\\Day047_Accelerometer_Con"
 1314      73657273 
 1314      5C6A7369 
 1314      6E675C44 
 1314      65736B74 
 1315 015f 74726F6C 		.ascii	"trolled_Car\\Accelerometer_Controlled_Car\\PSoC_4_B"
 1315      6C65645F 
 1315      4361725C 
 1315      41636365 
 1315      6C65726F 
 1316 0190 4C455F41 		.ascii	"LE_ACCELEROMETER.cydsn\000"
 1316      4343454C 
 1316      45524F4D 
 1316      45544552 
 1316      2E637964 
 1317              	.LASF17:
 1318 01a7 4359424C 		.ascii	"CYBLE_EVT_STACK_ON\000"
 1318      455F4556 
 1318      545F5354 
 1318      41434B5F 
 1318      4F4E00
 1319              	.LASF38:
 1320 01ba 4359424C 		.ascii	"CYBLE_EVT_GATTS_XCNHG_MTU_REQ\000"
 1320      455F4556 
 1320      545F4741 
 1320      5454535F 
 1320      58434E48 
 1321              	.LASF10:
 1322 01d8 75696E74 		.ascii	"uint16\000"
 1322      313600
 1323              	.LASF37:
 1324 01df 4359424C 		.ascii	"CYBLE_EVT_GATT_DISCONNECT_IND\000"
 1324      455F4556 
 1324      545F4741 
ARM GAS  C:\Users\jsing\AppData\Local\Temp\ccI4J38f.s 			page 28


 1324      54545F44 
 1324      4953434F 
 1325              	.LASF28:
 1326 01fd 4359424C 		.ascii	"CYBLE_EVT_GAPP_ADVERTISEMENT_START_STOP\000"
 1326      455F4556 
 1326      545F4741 
 1326      50505F41 
 1326      44564552 
 1327              	.LASF11:
 1328 0225 696E7431 		.ascii	"int16\000"
 1328      3600
 1329              	.LASF34:
 1330 022b 4359424C 		.ascii	"CYBLE_EVT_GAP_KEYINFO_EXCHNGE_CMPLT\000"
 1330      455F4556 
 1330      545F4741 
 1330      505F4B45 
 1330      59494E46 
 1331              	.LASF46:
 1332 024f 4359424C 		.ascii	"CYBLE_EVT_GATTC_READ_MULTI_RSP\000"
 1332      455F4556 
 1332      545F4741 
 1332      5454435F 
 1332      52454144 
 1333              	.LASF55:
 1334 026e 4359424C 		.ascii	"CYBLE_EVT_GATTS_HANDLE_VALUE_CNF\000"
 1334      455F4556 
 1334      545F4741 
 1334      5454535F 
 1334      48414E44 
 1335              	.LASF16:
 1336 028f 4359424C 		.ascii	"CYBLE_EVT_HOST_INVALID\000"
 1336      455F4556 
 1336      545F484F 
 1336      53545F49 
 1336      4E56414C 
 1337              	.LASF114:
 1338 02a6 5363616E 		.ascii	"Scan_Accelerometer\000"
 1338      5F416363 
 1338      656C6572 
 1338      6F6D6574 
 1338      657200
 1339              	.LASF60:
 1340 02b9 4359424C 		.ascii	"CYBLE_EVT_L2CAP_CBFC_CONN_IND\000"
 1340      455F4556 
 1340      545F4C32 
 1340      4341505F 
 1340      43424643 
 1341              	.LASF80:
 1342 02d7 4359424C 		.ascii	"CYBLE_BLESS_STATE_ECO_STABLE\000"
 1342      455F424C 
 1342      4553535F 
 1342      53544154 
 1342      455F4543 
 1343              	.LASF63:
 1344 02f4 4359424C 		.ascii	"CYBLE_EVT_L2CAP_CBFC_DISCONN_CNF\000"
 1344      455F4556 
 1344      545F4C32 
ARM GAS  C:\Users\jsing\AppData\Local\Temp\ccI4J38f.s 			page 29


 1344      4341505F 
 1344      43424643 
 1345              	.LASF86:
 1346 0315 62644861 		.ascii	"bdHandle\000"
 1346      6E646C65 
 1346      00
 1347              	.LASF12:
 1348 031e 666C6F61 		.ascii	"float\000"
 1348      7400
 1349              	.LASF44:
 1350 0324 4359424C 		.ascii	"CYBLE_EVT_GATTC_READ_RSP\000"
 1350      455F4556 
 1350      545F4741 
 1350      5454435F 
 1350      52454144 
 1351              	.LASF48:
 1352 033d 4359424C 		.ascii	"CYBLE_EVT_GATTC_WRITE_RSP\000"
 1352      455F4556 
 1352      545F4741 
 1352      5454435F 
 1352      57524954 
 1353              	.LASF6:
 1354 0357 6C6F6E67 		.ascii	"long long int\000"
 1354      206C6F6E 
 1354      6720696E 
 1354      7400
 1355              	.LASF7:
 1356 0365 6C6F6E67 		.ascii	"long long unsigned int\000"
 1356      206C6F6E 
 1356      6720756E 
 1356      7369676E 
 1356      65642069 
 1357              	.LASF94:
 1358 037c 4359424C 		.ascii	"CYBLE_GATTS_HANDLE_VALUE_NTF_T\000"
 1358      455F4741 
 1358      5454535F 
 1358      48414E44 
 1358      4C455F56 
 1359              	.LASF4:
 1360 039b 6C6F6E67 		.ascii	"long int\000"
 1360      20696E74 
 1360      00
 1361              	.LASF54:
 1362 03a4 4359424C 		.ascii	"CYBLE_EVT_GATTC_HANDLE_VALUE_IND\000"
 1362      455F4556 
 1362      545F4741 
 1362      5454435F 
 1362      48414E44 
 1363              	.LASF5:
 1364 03c5 6C6F6E67 		.ascii	"long unsigned int\000"
 1364      20756E73 
 1364      69676E65 
 1364      6420696E 
 1364      7400
 1365              	.LASF29:
 1366 03d7 4359424C 		.ascii	"CYBLE_EVT_GAP_DEVICE_CONNECTED\000"
 1366      455F4556 
ARM GAS  C:\Users\jsing\AppData\Local\Temp\ccI4J38f.s 			page 30


 1366      545F4741 
 1366      505F4445 
 1366      56494345 
 1367              	.LASF75:
 1368 03f6 4359424C 		.ascii	"CYBLE_LP_MODE_T\000"
 1368      455F4C50 
 1368      5F4D4F44 
 1368      455F5400 
 1369              	.LASF102:
 1370 0406 4144435F 		.ascii	"ADC_z_previous\000"
 1370      7A5F7072 
 1370      6576696F 
 1370      757300
 1371              	.LASF76:
 1372 0415 4359424C 		.ascii	"CYBLE_BLESS_STATE_ACTIVE\000"
 1372      455F424C 
 1372      4553535F 
 1372      53544154 
 1372      455F4143 
 1373              	.LASF53:
 1374 042e 4359424C 		.ascii	"CYBLE_EVT_GATTC_HANDLE_VALUE_NTF\000"
 1374      455F4556 
 1374      545F4741 
 1374      5454435F 
 1374      48414E44 
 1375              	.LASF78:
 1376 044f 4359424C 		.ascii	"CYBLE_BLESS_STATE_SLEEP\000"
 1376      455F424C 
 1376      4553535F 
 1376      53544154 
 1376      455F534C 
 1377              	.LASF25:
 1378 0467 4359424C 		.ascii	"CYBLE_EVT_GAP_PASSKEY_DISPLAY_REQUEST\000"
 1378      455F4556 
 1378      545F4741 
 1378      505F5041 
 1378      53534B45 
 1379              	.LASF72:
 1380 048d 4359424C 		.ascii	"CYBLE_BLESS_DEEPSLEEP\000"
 1380      455F424C 
 1380      4553535F 
 1380      44454550 
 1380      534C4545 
 1381              	.LASF61:
 1382 04a3 4359424C 		.ascii	"CYBLE_EVT_L2CAP_CBFC_CONN_CNF\000"
 1382      455F4556 
 1382      545F4C32 
 1382      4341505F 
 1382      43424643 
 1383              	.LASF69:
 1384 04c1 4359424C 		.ascii	"CYBLE_EVT_MAX\000"
 1384      455F4556 
 1384      545F4D41 
 1384      5800
 1385              	.LASF9:
 1386 04cf 75696E74 		.ascii	"uint8\000"
 1386      3800
ARM GAS  C:\Users\jsing\AppData\Local\Temp\ccI4J38f.s 			page 31


 1387              	.LASF57:
 1388 04d5 4359424C 		.ascii	"CYBLE_EVT_L2CAP_CONN_PARAM_UPDATE_REQ\000"
 1388      455F4556 
 1388      545F4C32 
 1388      4341505F 
 1388      434F4E4E 
 1389              	.LASF1:
 1390 04fb 756E7369 		.ascii	"unsigned char\000"
 1390      676E6564 
 1390      20636861 
 1390      7200
 1391              	.LASF50:
 1392 0509 4359424C 		.ascii	"CYBLE_EVT_GATTS_PREP_WRITE_REQ\000"
 1392      455F4556 
 1392      545F4741 
 1392      5454535F 
 1392      50524550 
 1393              	.LASF84:
 1394 0528 4359424C 		.ascii	"CYBLE_BLESS_STATE_T\000"
 1394      455F424C 
 1394      4553535F 
 1394      53544154 
 1394      455F5400 
 1395              	.LASF101:
 1396 053c 4144435F 		.ascii	"ADC_y_previous\000"
 1396      795F7072 
 1396      6576696F 
 1396      757300
 1397              	.LASF42:
 1398 054b 4359424C 		.ascii	"CYBLE_EVT_GATTC_FIND_INFO_RSP\000"
 1398      455F4556 
 1398      545F4741 
 1398      5454435F 
 1398      46494E44 
 1399              	.LASF0:
 1400 0569 7369676E 		.ascii	"signed char\000"
 1400      65642063 
 1400      68617200 
 1401              	.LASF47:
 1402 0575 4359424C 		.ascii	"CYBLE_EVT_GATTS_WRITE_REQ\000"
 1402      455F4556 
 1402      545F4741 
 1402      5454535F 
 1402      57524954 
 1403              	.LASF43:
 1404 058f 4359424C 		.ascii	"CYBLE_EVT_GATTC_FIND_BY_TYPE_VALUE_RSP\000"
 1404      455F4556 
 1404      545F4741 
 1404      5454435F 
 1404      46494E44 
 1405              	.LASF26:
 1406 05b6 4359424C 		.ascii	"CYBLE_EVT_GAP_AUTH_COMPLETE\000"
 1406      455F4556 
 1406      545F4741 
 1406      505F4155 
 1406      54485F43 
 1407              	.LASF8:
ARM GAS  C:\Users\jsing\AppData\Local\Temp\ccI4J38f.s 			page 32


 1408 05d2 756E7369 		.ascii	"unsigned int\000"
 1408      676E6564 
 1408      20696E74 
 1408      00
 1409              	.LASF36:
 1410 05df 4359424C 		.ascii	"CYBLE_EVT_GATT_CONNECT_IND\000"
 1410      455F4556 
 1410      545F4741 
 1410      54545F43 
 1410      4F4E4E45 
 1411              	.LASF106:
 1412 05fa 6C704D6F 		.ascii	"lpMode\000"
 1412      646500
 1413              	.LASF103:
 1414 0601 424C455F 		.ascii	"BLE_Command\000"
 1414      436F6D6D 
 1414      616E6400 
 1415              	.LASF23:
 1416 060d 4359424C 		.ascii	"CYBLE_EVT_GAP_AUTH_REQ\000"
 1416      455F4556 
 1416      545F4741 
 1416      505F4155 
 1416      54485F52 
 1417              	.LASF87:
 1418 0624 61747449 		.ascii	"attId\000"
 1418      6400
 1419              	.LASF62:
 1420 062a 4359424C 		.ascii	"CYBLE_EVT_L2CAP_CBFC_DISCONN_IND\000"
 1420      455F4556 
 1420      545F4C32 
 1420      4341505F 
 1420      43424643 
 1421              	.LASF31:
 1422 064b 4359424C 		.ascii	"CYBLE_EVT_GAP_ENCRYPT_CHANGE\000"
 1422      455F4556 
 1422      545F4741 
 1422      505F454E 
 1422      43525950 
 1423              	.LASF107:
 1424 0668 626C6573 		.ascii	"blessState\000"
 1424      73537461 
 1424      746500
 1425              	.LASF71:
 1426 0673 4359424C 		.ascii	"CYBLE_BLESS_SLEEP\000"
 1426      455F424C 
 1426      4553535F 
 1426      534C4545 
 1426      5000
 1427              	.LASF32:
 1428 0685 4359424C 		.ascii	"CYBLE_EVT_GAP_CONNECTION_UPDATE_COMPLETE\000"
 1428      455F4556 
 1428      545F4741 
 1428      505F434F 
 1428      4E4E4543 
 1429              	.LASF99:
 1430 06ae 4144435F 		.ascii	"ADC_z_current\000"
 1430      7A5F6375 
ARM GAS  C:\Users\jsing\AppData\Local\Temp\ccI4J38f.s 			page 33


 1430      7272656E 
 1430      7400
 1431              	.LASF14:
 1432 06bc 63686172 		.ascii	"char\000"
 1432      00
 1433              	.LASF90:
 1434 06c1 4359424C 		.ascii	"CYBLE_GATT_VALUE_T\000"
 1434      455F4741 
 1434      54545F56 
 1434      414C5545 
 1434      5F5400
 1435              	.LASF59:
 1436 06d4 4359424C 		.ascii	"CYBLE_EVT_L2CAP_COMMAND_REJ\000"
 1436      455F4556 
 1436      545F4C32 
 1436      4341505F 
 1436      434F4D4D 
 1437              	.LASF3:
 1438 06f0 73686F72 		.ascii	"short unsigned int\000"
 1438      7420756E 
 1438      7369676E 
 1438      65642069 
 1438      6E7400
 1439              	.LASF97:
 1440 0703 4144435F 		.ascii	"ADC_x_current\000"
 1440      785F6375 
 1440      7272656E 
 1440      7400
 1441              	.LASF45:
 1442 0711 4359424C 		.ascii	"CYBLE_EVT_GATTC_READ_BLOB_RSP\000"
 1442      455F4556 
 1442      545F4741 
 1442      5454435F 
 1442      52454144 
 1443              	.LASF52:
 1444 072f 4359424C 		.ascii	"CYBLE_EVT_GATTC_EXEC_WRITE_RSP\000"
 1444      455F4556 
 1444      545F4741 
 1444      5454435F 
 1444      45584543 
 1445              	.LASF33:
 1446 074e 4359424C 		.ascii	"CYBLE_EVT_GAPC_SCAN_START_STOP\000"
 1446      455F4556 
 1446      545F4741 
 1446      50435F53 
 1446      43414E5F 
 1447              	.LASF68:
 1448 076d 4359424C 		.ascii	"CYBLE_EVT_PENDING_FLASH_WRITE\000"
 1448      455F4556 
 1448      545F5045 
 1448      4E44494E 
 1448      475F464C 
 1449              	.LASF65:
 1450 078b 4359424C 		.ascii	"CYBLE_EVT_L2CAP_CBFC_RX_CREDIT_IND\000"
 1450      455F4556 
 1450      545F4C32 
 1450      4341505F 
ARM GAS  C:\Users\jsing\AppData\Local\Temp\ccI4J38f.s 			page 34


 1450      43424643 
 1451              	.LASF92:
 1452 07ae 61747472 		.ascii	"attrHandle\000"
 1452      48616E64 
 1452      6C6500
 1453              	.LASF13:
 1454 07b9 646F7562 		.ascii	"double\000"
 1454      6C6500
 1455              	.LASF70:
 1456 07c0 4359424C 		.ascii	"CYBLE_BLESS_ACTIVE\000"
 1456      455F424C 
 1456      4553535F 
 1456      41435449 
 1456      564500
 1457              	.LASF88:
 1458 07d3 4359424C 		.ascii	"CYBLE_CONN_HANDLE_T\000"
 1458      455F434F 
 1458      4E4E5F48 
 1458      414E444C 
 1458      455F5400 
 1459              	.LASF93:
 1460 07e7 4359424C 		.ascii	"CYBLE_GATT_HANDLE_VALUE_PAIR_T\000"
 1460      455F4741 
 1460      54545F48 
 1460      414E444C 
 1460      455F5641 
 1461              	.LASF66:
 1462 0806 4359424C 		.ascii	"CYBLE_EVT_L2CAP_CBFC_TX_CREDIT_IND\000"
 1462      455F4556 
 1462      545F4C32 
 1462      4341505F 
 1462      43424643 
 1463              	.LASF83:
 1464 0829 4359424C 		.ascii	"CYBLE_BLESS_STATE_INVALID\000"
 1464      455F424C 
 1464      4553535F 
 1464      53544154 
 1464      455F494E 
 1465              	.LASF21:
 1466 0843 4359424C 		.ascii	"CYBLE_EVT_STACK_BUSY_STATUS\000"
 1466      455F4556 
 1466      545F5354 
 1466      41434B5F 
 1466      42555359 
 1467              	.LASF74:
 1468 085f 4359424C 		.ascii	"CYBLE_BLESS_INVALID\000"
 1468      455F424C 
 1468      4553535F 
 1468      494E5641 
 1468      4C494400 
 1469              	.LASF19:
 1470 0873 4359424C 		.ascii	"CYBLE_EVT_HARDWARE_ERROR\000"
 1470      455F4556 
 1470      545F4841 
 1470      52445741 
 1470      52455F45 
 1471              	.LASF64:
ARM GAS  C:\Users\jsing\AppData\Local\Temp\ccI4J38f.s 			page 35


 1472 088c 4359424C 		.ascii	"CYBLE_EVT_L2CAP_CBFC_DATA_READ\000"
 1472      455F4556 
 1472      545F4C32 
 1472      4341505F 
 1472      43424643 
 1473              	.LASF58:
 1474 08ab 4359424C 		.ascii	"CYBLE_EVT_L2CAP_CONN_PARAM_UPDATE_RSP\000"
 1474      455F4556 
 1474      545F4C32 
 1474      4341505F 
 1474      434F4E4E 
 1475              	.LASF22:
 1476 08d1 4359424C 		.ascii	"CYBLE_EVT_GAPC_SCAN_PROGRESS_RESULT\000"
 1476      455F4556 
 1476      545F4741 
 1476      50435F53 
 1476      43414E5F 
 1477              	.LASF81:
 1478 08f5 4359424C 		.ascii	"CYBLE_BLESS_STATE_DEEPSLEEP\000"
 1478      455F424C 
 1478      4553535F 
 1478      53544154 
 1478      455F4445 
 1479              	.LASF108:
 1480 0911 696E7465 		.ascii	"interruptStatus\000"
 1480      72727570 
 1480      74537461 
 1480      74757300 
 1481              	.LASF89:
 1482 0921 61637475 		.ascii	"actualLen\000"
 1482      616C4C65 
 1482      6E00
 1483              	.LASF40:
 1484 092b 4359424C 		.ascii	"CYBLE_EVT_GATTC_READ_BY_GROUP_TYPE_RSP\000"
 1484      455F4556 
 1484      545F4741 
 1484      5454435F 
 1484      52454144 
 1485              	.LASF49:
 1486 0952 4359424C 		.ascii	"CYBLE_EVT_GATTS_WRITE_CMD_REQ\000"
 1486      455F4556 
 1486      545F4741 
 1486      5454535F 
 1486      57524954 
 1487              	.LASF41:
 1488 0970 4359424C 		.ascii	"CYBLE_EVT_GATTC_READ_BY_TYPE_RSP\000"
 1488      455F4556 
 1488      545F4741 
 1488      5454435F 
 1488      52454144 
 1489              	.LASF39:
 1490 0991 4359424C 		.ascii	"CYBLE_EVT_GATTC_XCHNG_MTU_RSP\000"
 1490      455F4556 
 1490      545F4741 
 1490      5454435F 
 1490      5843484E 
 1491              	.LASF110:
ARM GAS  C:\Users\jsing\AppData\Local\Temp\ccI4J38f.s 			page 36


 1492 09af 2E5C6170 		.ascii	".\\app_accel.c\000"
 1492      705F6163 
 1492      63656C2E 
 1492      6300
 1493              	.LASF18:
 1494 09bd 4359424C 		.ascii	"CYBLE_EVT_TIMEOUT\000"
 1494      455F4556 
 1494      545F5449 
 1494      4D454F55 
 1494      5400
 1495              	.LASF67:
 1496 09cf 4359424C 		.ascii	"CYBLE_EVT_L2CAP_CBFC_DATA_WRITE_IND\000"
 1496      455F4556 
 1496      545F4C32 
 1496      4341505F 
 1496      43424643 
 1497              	.LASF113:
 1498 09f3 75617274 		.ascii	"uartTxDataNtf\000"
 1498      54784461 
 1498      74614E74 
 1498      6600
 1499              	.LASF95:
 1500 0a01 6379426C 		.ascii	"cyBle_connHandle\000"
 1500      655F636F 
 1500      6E6E4861 
 1500      6E646C65 
 1500      00
 1501              	.LASF91:
 1502 0a12 76616C75 		.ascii	"value\000"
 1502      6500
 1503              	.LASF51:
 1504 0a18 4359424C 		.ascii	"CYBLE_EVT_GATTS_EXEC_WRITE_REQ\000"
 1504      455F4556 
 1504      545F4741 
 1504      5454535F 
 1504      45584543 
 1505              	.LASF85:
 1506 0a37 4359424C 		.ascii	"CYBLE_GATT_DB_ATTR_HANDLE_T\000"
 1506      455F4741 
 1506      54545F44 
 1506      425F4154 
 1506      54525F48 
 1507              	.LASF56:
 1508 0a53 4359424C 		.ascii	"CYBLE_EVT_GATTS_DATA_SIGNED_CMD_REQ\000"
 1508      455F4556 
 1508      545F4741 
 1508      5454535F 
 1508      44415441 
 1509              	.LASF109:
 1510 0a77 474E5520 		.ascii	"GNU C 4.8.4 20140526 (release) [ARM/embedded-4_8-br"
 1510      4320342E 
 1510      382E3420 
 1510      32303134 
 1510      30353236 
 1511 0aaa 616E6368 		.ascii	"anch revision 211358] -mcpu=cortex-m0 -mthumb -g -O"
 1511      20726576 
 1511      6973696F 
ARM GAS  C:\Users\jsing\AppData\Local\Temp\ccI4J38f.s 			page 37


 1511      6E203231 
 1511      31333538 
 1512 0add 30202D66 		.ascii	"0 -ffunction-sections\000"
 1512      66756E63 
 1512      74696F6E 
 1512      2D736563 
 1512      74696F6E 
 1513              	.LASF105:
 1514 0af3 636F6E6E 		.ascii	"connStatus\000"
 1514      53746174 
 1514      757300
 1515              	.LASF73:
 1516 0afe 4359424C 		.ascii	"CYBLE_BLESS_HIBERNATE\000"
 1516      455F424C 
 1516      4553535F 
 1516      48494245 
 1516      524E4154 
 1517              		.ident	"GCC: (GNU Tools for ARM Embedded Processors) 4.8.4 20140526 (release) [ARM/embedded-4_8-br
